{"/Users/constance/Downloads/concordia_campus_navigation/src/components/BottomDrawer.tsx": {"path":"/Users/constance/Downloads/concordia_campus_navigation/src/components/BottomDrawer.tsx","statementMap":{"0":{"start":{"line":11,"column":19},"end":{"line":11,"column":43}},"1":{"start":{"line":12,"column":25},"end":{"line":12,"column":37}},"2":{"start":{"line":13,"column":24},"end":{"line":13,"column":36}},"3":{"start":{"line":14,"column":29},"end":{"line":14,"column":42}},"4":{"start":{"line":15,"column":27},"end":{"line":15,"column":30}},"5":{"start":{"line":24,"column":27},"end":{"line":24,"column":58}},"6":{"start":{"line":27,"column":22},"end":{"line":27,"column":39}},"7":{"start":{"line":29,"column":2},"end":{"line":35,"column":21}},"8":{"start":{"line":30,"column":15},"end":{"line":32,"column":6}},"9":{"start":{"line":31,"column":6},"end":{"line":31,"column":39}},"10":{"start":{"line":34,"column":4},"end":{"line":34,"column":49}},"11":{"start":{"line":34,"column":17},"end":{"line":34,"column":48}},"12":{"start":{"line":37,"column":28},"end":{"line":61,"column":3}},"13":{"start":{"line":38,"column":4},"end":{"line":38,"column":32}},"14":{"start":{"line":41,"column":4},"end":{"line":53,"column":5}},"15":{"start":{"line":43,"column":8},"end":{"line":43,"column":40}},"16":{"start":{"line":44,"column":8},"end":{"line":44,"column":14}},"17":{"start":{"line":46,"column":8},"end":{"line":46,"column":39}},"18":{"start":{"line":47,"column":8},"end":{"line":47,"column":14}},"19":{"start":{"line":49,"column":8},"end":{"line":49,"column":44}},"20":{"start":{"line":50,"column":8},"end":{"line":50,"column":14}},"21":{"start":{"line":52,"column":8},"end":{"line":52,"column":39}},"22":{"start":{"line":55,"column":4},"end":{"line":60,"column":15}},"23":{"start":{"line":63,"column":33},"end":{"line":89,"column":3}},"24":{"start":{"line":69,"column":4},"end":{"line":81,"column":5}},"25":{"start":{"line":71,"column":8},"end":{"line":71,"column":38}},"26":{"start":{"line":72,"column":8},"end":{"line":72,"column":14}},"27":{"start":{"line":74,"column":8},"end":{"line":74,"column":37}},"28":{"start":{"line":75,"column":8},"end":{"line":75,"column":14}},"29":{"start":{"line":77,"column":8},"end":{"line":77,"column":42}},"30":{"start":{"line":78,"column":8},"end":{"line":78,"column":14}},"31":{"start":{"line":80,"column":8},"end":{"line":80,"column":37}},"32":{"start":{"line":83,"column":22},"end":{"line":86,"column":5}},"33":{"start":{"line":88,"column":4},"end":{"line":88,"column":37}},"34":{"start":{"line":91,"column":36},"end":{"line":116,"column":3}},"35":{"start":{"line":95,"column":26},"end":{"line":95,"column":50}},"36":{"start":{"line":96,"column":22},"end":{"line":96,"column":62}},"37":{"start":{"line":97,"column":22},"end":{"line":97,"column":66}},"38":{"start":{"line":99,"column":4},"end":{"line":115,"column":5}},"39":{"start":{"line":100,"column":6},"end":{"line":102,"column":32}},"40":{"start":{"line":100,"column":37},"end":{"line":100,"column":58}},"41":{"start":{"line":101,"column":11},"end":{"line":102,"column":32}},"42":{"start":{"line":101,"column":42},"end":{"line":101,"column":63}},"43":{"start":{"line":102,"column":11},"end":{"line":102,"column":32}},"44":{"start":{"line":103,"column":11},"end":{"line":115,"column":5}},"45":{"start":{"line":104,"column":6},"end":{"line":106,"column":32}},"46":{"start":{"line":104,"column":37},"end":{"line":104,"column":58}},"47":{"start":{"line":105,"column":11},"end":{"line":106,"column":32}},"48":{"start":{"line":105,"column":42},"end":{"line":105,"column":63}},"49":{"start":{"line":106,"column":11},"end":{"line":106,"column":32}},"50":{"start":{"line":108,"column":6},"end":{"line":114,"column":7}},"51":{"start":{"line":109,"column":8},"end":{"line":109,"column":29}},"52":{"start":{"line":110,"column":13},"end":{"line":114,"column":7}},"53":{"start":{"line":111,"column":8},"end":{"line":111,"column":29}},"54":{"start":{"line":113,"column":8},"end":{"line":113,"column":29}},"55":{"start":{"line":118,"column":23},"end":{"line":124,"column":11}},"56":{"start":{"line":120,"column":42},"end":{"line":120,"column":46}},"57":{"start":{"line":126,"column":2},"end":{"line":135,"column":4}}},"fnMap":{"0":{"name":"BottomDrawer","decl":{"start":{"line":17,"column":9},"end":{"line":17,"column":21}},"loc":{"start":{"line":23,"column":3},"end":{"line":136,"column":1}},"line":23},"1":{"name":"(anonymous_1)","decl":{"start":{"line":29,"column":12},"end":{"line":29,"column":13}},"loc":{"start":{"line":29,"column":18},"end":{"line":35,"column":3}},"line":29},"2":{"name":"(anonymous_2)","decl":{"start":{"line":30,"column":40},"end":{"line":30,"column":41}},"loc":{"start":{"line":30,"column":55},"end":{"line":32,"column":5}},"line":30},"3":{"name":"(anonymous_3)","decl":{"start":{"line":34,"column":11},"end":{"line":34,"column":12}},"loc":{"start":{"line":34,"column":17},"end":{"line":34,"column":48}},"line":34},"4":{"name":"(anonymous_4)","decl":{"start":{"line":37,"column":28},"end":{"line":37,"column":29}},"loc":{"start":{"line":37,"column":47},"end":{"line":61,"column":3}},"line":37},"5":{"name":"(anonymous_5)","decl":{"start":{"line":63,"column":33},"end":{"line":63,"column":34}},"loc":{"start":{"line":66,"column":7},"end":{"line":89,"column":3}},"line":66},"6":{"name":"(anonymous_6)","decl":{"start":{"line":91,"column":36},"end":{"line":91,"column":37}},"loc":{"start":{"line":94,"column":7},"end":{"line":116,"column":3}},"line":94},"7":{"name":"(anonymous_7)","decl":{"start":{"line":120,"column":36},"end":{"line":120,"column":37}},"loc":{"start":{"line":120,"column":42},"end":{"line":120,"column":46}},"line":120}},"branchMap":{"0":{"loc":{"start":{"line":41,"column":4},"end":{"line":53,"column":5}},"type":"switch","locations":[{"start":{"line":42,"column":6},"end":{"line":44,"column":14}},{"start":{"line":45,"column":6},"end":{"line":47,"column":14}},{"start":{"line":48,"column":6},"end":{"line":50,"column":14}},{"start":{"line":51,"column":6},"end":{"line":52,"column":39}}],"line":41},"1":{"loc":{"start":{"line":69,"column":4},"end":{"line":81,"column":5}},"type":"switch","locations":[{"start":{"line":70,"column":6},"end":{"line":72,"column":14}},{"start":{"line":73,"column":6},"end":{"line":75,"column":14}},{"start":{"line":76,"column":6},"end":{"line":78,"column":14}},{"start":{"line":79,"column":6},"end":{"line":80,"column":37}}],"line":69},"2":{"loc":{"start":{"line":99,"column":4},"end":{"line":115,"column":5}},"type":"if","locations":[{"start":{"line":99,"column":4},"end":{"line":115,"column":5}},{"start":{"line":103,"column":11},"end":{"line":115,"column":5}}],"line":99},"3":{"loc":{"start":{"line":100,"column":6},"end":{"line":102,"column":32}},"type":"if","locations":[{"start":{"line":100,"column":6},"end":{"line":102,"column":32}},{"start":{"line":101,"column":11},"end":{"line":102,"column":32}}],"line":100},"4":{"loc":{"start":{"line":101,"column":11},"end":{"line":102,"column":32}},"type":"if","locations":[{"start":{"line":101,"column":11},"end":{"line":102,"column":32}},{"start":{"line":102,"column":11},"end":{"line":102,"column":32}}],"line":101},"5":{"loc":{"start":{"line":103,"column":11},"end":{"line":115,"column":5}},"type":"if","locations":[{"start":{"line":103,"column":11},"end":{"line":115,"column":5}},{"start":{"line":107,"column":11},"end":{"line":115,"column":5}}],"line":103},"6":{"loc":{"start":{"line":104,"column":6},"end":{"line":106,"column":32}},"type":"if","locations":[{"start":{"line":104,"column":6},"end":{"line":106,"column":32}},{"start":{"line":105,"column":11},"end":{"line":106,"column":32}}],"line":104},"7":{"loc":{"start":{"line":105,"column":11},"end":{"line":106,"column":32}},"type":"if","locations":[{"start":{"line":105,"column":11},"end":{"line":106,"column":32}},{"start":{"line":106,"column":11},"end":{"line":106,"column":32}}],"line":105},"8":{"loc":{"start":{"line":108,"column":6},"end":{"line":114,"column":7}},"type":"if","locations":[{"start":{"line":108,"column":6},"end":{"line":114,"column":7}},{"start":{"line":110,"column":13},"end":{"line":114,"column":7}}],"line":108},"9":{"loc":{"start":{"line":110,"column":13},"end":{"line":114,"column":7}},"type":"if","locations":[{"start":{"line":110,"column":13},"end":{"line":114,"column":7}},{"start":{"line":112,"column":13},"end":{"line":114,"column":7}}],"line":110}},"s":{"0":1,"1":1,"2":1,"3":1,"4":1,"5":0,"6":0,"7":0,"8":0,"9":0,"10":0,"11":0,"12":0,"13":0,"14":0,"15":0,"16":0,"17":0,"18":0,"19":0,"20":0,"21":0,"22":0,"23":0,"24":0,"25":0,"26":0,"27":0,"28":0,"29":0,"30":0,"31":0,"32":0,"33":0,"34":0,"35":0,"36":0,"37":0,"38":0,"39":0,"40":0,"41":0,"42":0,"43":0,"44":0,"45":0,"46":0,"47":0,"48":0,"49":0,"50":0,"51":0,"52":0,"53":0,"54":0,"55":0,"56":0,"57":0},"f":{"0":0,"1":0,"2":0,"3":0,"4":0,"5":0,"6":0,"7":0},"b":{"0":[0,0,0,0],"1":[0,0,0,0],"2":[0,0],"3":[0,0],"4":[0,0],"5":[0,0],"6":[0,0],"7":[0,0],"8":[0,0],"9":[0,0]},"_coverageSchema":"1a1c01bbd47fc00a2c39e90264f33305004495a9","hash":"07d84050398e1e422f6c7f0cea9e5e5643758dd5"}
,"/Users/constance/Downloads/concordia_campus_navigation/src/components/BuildingCoordinates.tsx": {"path":"/Users/constance/Downloads/concordia_campus_navigation/src/components/BuildingCoordinates.tsx","statementMap":{"0":{"start":{"line":8,"column":37},"end":{"line":29,"column":1}},"1":{"start":{"line":9,"column":2},"end":{"line":12,"column":3}},"2":{"start":{"line":11,"column":4},"end":{"line":11,"column":14}},"3":{"start":{"line":14,"column":2},"end":{"line":28,"column":5}},"4":{"start":{"line":15,"column":4},"end":{"line":18,"column":5}},"5":{"start":{"line":16,"column":6},"end":{"line":16,"column":57}},"6":{"start":{"line":17,"column":6},"end":{"line":17,"column":16}},"7":{"start":{"line":20,"column":23},"end":{"line":20,"column":30}},"8":{"start":{"line":21,"column":22},"end":{"line":21,"column":43}},"9":{"start":{"line":23,"column":4},"end":{"line":25,"column":5}},"10":{"start":{"line":24,"column":6},"end":{"line":24,"column":35}},"11":{"start":{"line":27,"column":4},"end":{"line":27,"column":16}},"12":{"start":{"line":31,"column":37},"end":{"line":39,"column":2}},"13":{"start":{"line":32,"column":2},"end":{"line":38,"column":4}},"14":{"start":{"line":41,"column":33},"end":{"line":122,"column":1}},"15":{"start":{"line":42,"column":97},"end":{"line":42,"column":108}},"16":{"start":{"line":43,"column":26},"end":{"line":43,"column":37}},"17":{"start":{"line":45,"column":33},"end":{"line":49,"column":24}},"18":{"start":{"line":46,"column":4},"end":{"line":46,"column":39}},"19":{"start":{"line":46,"column":27},"end":{"line":46,"column":39}},"20":{"start":{"line":47,"column":36},"end":{"line":47,"column":52}},"21":{"start":{"line":48,"column":4},"end":{"line":48,"column":33}},"22":{"start":{"line":52,"column":2},"end":{"line":69,"column":76}},"23":{"start":{"line":53,"column":4},"end":{"line":68,"column":5}},"24":{"start":{"line":54,"column":23},"end":{"line":65,"column":8}},"25":{"start":{"line":55,"column":8},"end":{"line":58,"column":9}},"26":{"start":{"line":56,"column":10},"end":{"line":56,"column":61}},"27":{"start":{"line":57,"column":10},"end":{"line":57,"column":23}},"28":{"start":{"line":60,"column":33},"end":{"line":60,"column":84}},"29":{"start":{"line":61,"column":8},"end":{"line":64,"column":10}},"30":{"start":{"line":66,"column":6},"end":{"line":66,"column":39}},"31":{"start":{"line":67,"column":6},"end":{"line":67,"column":38}},"32":{"start":{"line":71,"column":2},"end":{"line":73,"column":3}},"33":{"start":{"line":72,"column":4},"end":{"line":72,"column":16}},"34":{"start":{"line":75,"column":2},"end":{"line":121,"column":4}}},"fnMap":{"0":{"name":"(anonymous_0)","decl":{"start":{"line":8,"column":37},"end":{"line":8,"column":38}},"loc":{"start":{"line":8,"column":82},"end":{"line":29,"column":1}},"line":8},"1":{"name":"(anonymous_1)","decl":{"start":{"line":14,"column":25},"end":{"line":14,"column":26}},"loc":{"start":{"line":14,"column":35},"end":{"line":28,"column":3}},"line":14},"2":{"name":"(anonymous_2)","decl":{"start":{"line":31,"column":58},"end":{"line":31,"column":59}},"loc":{"start":{"line":31,"column":71},"end":{"line":39,"column":1}},"line":31},"3":{"name":"(anonymous_3)","decl":{"start":{"line":41,"column":33},"end":{"line":41,"column":34}},"loc":{"start":{"line":41,"column":39},"end":{"line":122,"column":1}},"line":41},"4":{"name":"(anonymous_4)","decl":{"start":{"line":45,"column":41},"end":{"line":45,"column":42}},"loc":{"start":{"line":45,"column":47},"end":{"line":49,"column":3}},"line":45},"5":{"name":"(anonymous_5)","decl":{"start":{"line":52,"column":12},"end":{"line":52,"column":13}},"loc":{"start":{"line":52,"column":18},"end":{"line":69,"column":3}},"line":52},"6":{"name":"(anonymous_6)","decl":{"start":{"line":54,"column":45},"end":{"line":54,"column":46}},"loc":{"start":{"line":54,"column":58},"end":{"line":65,"column":7}},"line":54}},"branchMap":{"0":{"loc":{"start":{"line":9,"column":2},"end":{"line":12,"column":3}},"type":"if","locations":[{"start":{"line":9,"column":2},"end":{"line":12,"column":3}},{"start":{},"end":{}}],"line":9},"1":{"loc":{"start":{"line":9,"column":6},"end":{"line":9,"column":49}},"type":"binary-expr","locations":[{"start":{"line":9,"column":6},"end":{"line":9,"column":18}},{"start":{"line":9,"column":22},"end":{"line":9,"column":49}}],"line":9},"2":{"loc":{"start":{"line":15,"column":4},"end":{"line":18,"column":5}},"type":"if","locations":[{"start":{"line":15,"column":4},"end":{"line":18,"column":5}},{"start":{},"end":{}}],"line":15},"3":{"loc":{"start":{"line":15,"column":8},"end":{"line":15,"column":58}},"type":"binary-expr","locations":[{"start":{"line":15,"column":8},"end":{"line":15,"column":13}},{"start":{"line":15,"column":17},"end":{"line":15,"column":37}},{"start":{"line":15,"column":41},"end":{"line":15,"column":58}}],"line":15},"4":{"loc":{"start":{"line":23,"column":4},"end":{"line":25,"column":5}},"type":"if","locations":[{"start":{"line":23,"column":4},"end":{"line":25,"column":5}},{"start":{},"end":{}}],"line":23},"5":{"loc":{"start":{"line":23,"column":8},"end":{"line":23,"column":72}},"type":"binary-expr","locations":[{"start":{"line":23,"column":8},"end":{"line":23,"column":38}},{"start":{"line":23,"column":42},"end":{"line":23,"column":72}}],"line":23},"6":{"loc":{"start":{"line":46,"column":4},"end":{"line":46,"column":39}},"type":"if","locations":[{"start":{"line":46,"column":4},"end":{"line":46,"column":39}},{"start":{},"end":{}}],"line":46},"7":{"loc":{"start":{"line":53,"column":4},"end":{"line":68,"column":5}},"type":"if","locations":[{"start":{"line":53,"column":4},"end":{"line":68,"column":5}},{"start":{},"end":{}}],"line":53},"8":{"loc":{"start":{"line":55,"column":8},"end":{"line":58,"column":9}},"type":"if","locations":[{"start":{"line":55,"column":8},"end":{"line":58,"column":9}},{"start":{},"end":{}}],"line":55},"9":{"loc":{"start":{"line":71,"column":2},"end":{"line":73,"column":3}},"type":"if","locations":[{"start":{"line":71,"column":2},"end":{"line":73,"column":3}},{"start":{},"end":{}}],"line":71},"10":{"loc":{"start":{"line":77,"column":7},"end":{"line":119,"column":7}},"type":"binary-expr","locations":[{"start":{"line":77,"column":7},"end":{"line":77,"column":19}},{"start":{"line":78,"column":8},"end":{"line":118,"column":11}}],"line":77},"11":{"loc":{"start":{"line":98,"column":11},"end":{"line":117,"column":11}},"type":"binary-expr","locations":[{"start":{"line":98,"column":11},"end":{"line":98,"column":30}},{"start":{"line":99,"column":12},"end":{"line":116,"column":33}}],"line":98}},"s":{"0":1,"1":18,"2":2,"3":16,"4":15,"5":0,"6":0,"7":15,"8":15,"9":15,"10":7,"11":8,"12":1,"13":2,"14":1,"15":7,"16":7,"17":7,"18":7,"19":1,"20":6,"21":6,"22":7,"23":7,"24":6,"25":11,"26":0,"27":0,"28":11,"29":11,"30":6,"31":6,"32":7,"33":1,"34":6},"f":{"0":18,"1":15,"2":2,"3":7,"4":7,"5":7,"6":11},"b":{"0":[2,16],"1":[18,16],"2":[0,15],"3":[15,15,15],"4":[7,8],"5":[15,8],"6":[1,6],"7":[6,1],"8":[0,11],"9":[1,6],"10":[6,5],"11":[5,1]},"_coverageSchema":"1a1c01bbd47fc00a2c39e90264f33305004495a9","hash":"d4643e986eedf1d4cf73a1c1f195ab06843c4f43"}
,"/Users/constance/Downloads/concordia_campus_navigation/src/components/BuildingInformation.tsx": {"path":"/Users/constance/Downloads/concordia_campus_navigation/src/components/BuildingInformation.tsx","statementMap":{"0":{"start":{"line":15,"column":64},"end":{"line":87,"column":1}},"1":{"start":{"line":16,"column":49},"end":{"line":16,"column":71}},"2":{"start":{"line":17,"column":54},"end":{"line":17,"column":72}},"3":{"start":{"line":20,"column":4},"end":{"line":86,"column":6}},"4":{"start":{"line":30,"column":36},"end":{"line":30,"column":71}},"5":{"start":{"line":31,"column":36},"end":{"line":31,"column":46}},"6":{"start":{"line":65,"column":36},"end":{"line":67,"column":43}},"7":{"start":{"line":75,"column":36},"end":{"line":77,"column":43}}},"fnMap":{"0":{"name":"(anonymous_0)","decl":{"start":{"line":15,"column":64},"end":{"line":15,"column":65}},"loc":{"start":{"line":15,"column":131},"end":{"line":87,"column":1}},"line":15},"1":{"name":"(anonymous_1)","decl":{"start":{"line":29,"column":41},"end":{"line":29,"column":42}},"loc":{"start":{"line":29,"column":47},"end":{"line":32,"column":33}},"line":29},"2":{"name":"(anonymous_2)","decl":{"start":{"line":64,"column":49},"end":{"line":64,"column":50}},"loc":{"start":{"line":65,"column":36},"end":{"line":67,"column":43}},"line":65},"3":{"name":"(anonymous_3)","decl":{"start":{"line":74,"column":46},"end":{"line":74,"column":47}},"loc":{"start":{"line":75,"column":36},"end":{"line":77,"column":43}},"line":75}},"branchMap":{"0":{"loc":{"start":{"line":16,"column":49},"end":{"line":16,"column":71}},"type":"binary-expr","locations":[{"start":{"line":16,"column":49},"end":{"line":16,"column":65}},{"start":{"line":16,"column":69},"end":{"line":16,"column":71}}],"line":16},"1":{"loc":{"start":{"line":17,"column":54},"end":{"line":17,"column":72}},"type":"binary-expr","locations":[{"start":{"line":17,"column":54},"end":{"line":17,"column":66}},{"start":{"line":17,"column":70},"end":{"line":17,"column":72}}],"line":17},"2":{"loc":{"start":{"line":30,"column":56},"end":{"line":30,"column":69}},"type":"binary-expr","locations":[{"start":{"line":30,"column":56},"end":{"line":30,"column":63}},{"start":{"line":30,"column":67},"end":{"line":30,"column":69}}],"line":30},"3":{"loc":{"start":{"line":44,"column":25},"end":{"line":49,"column":25}},"type":"binary-expr","locations":[{"start":{"line":44,"column":25},"end":{"line":44,"column":30}},{"start":{"line":45,"column":28},"end":{"line":48,"column":30}}],"line":44},"4":{"loc":{"start":{"line":50,"column":25},"end":{"line":55,"column":25}},"type":"binary-expr","locations":[{"start":{"line":50,"column":25},"end":{"line":50,"column":32}},{"start":{"line":51,"column":28},"end":{"line":54,"column":35}}],"line":50},"5":{"loc":{"start":{"line":56,"column":25},"end":{"line":60,"column":25}},"type":"binary-expr","locations":[{"start":{"line":56,"column":25},"end":{"line":56,"column":36}},{"start":{"line":57,"column":28},"end":{"line":59,"column":35}}],"line":56},"6":{"loc":{"start":{"line":61,"column":25},"end":{"line":70,"column":25}},"type":"binary-expr","locations":[{"start":{"line":61,"column":25},"end":{"line":61,"column":36}},{"start":{"line":61,"column":40},"end":{"line":61,"column":62}},{"start":{"line":62,"column":28},"end":{"line":69,"column":35}}],"line":61},"7":{"loc":{"start":{"line":71,"column":25},"end":{"line":80,"column":25}},"type":"binary-expr","locations":[{"start":{"line":71,"column":25},"end":{"line":71,"column":33}},{"start":{"line":71,"column":37},"end":{"line":71,"column":56}},{"start":{"line":72,"column":28},"end":{"line":79,"column":35}}],"line":71}},"s":{"0":1,"1":7,"2":7,"3":7,"4":1,"5":1,"6":10,"7":10},"f":{"0":7,"1":1,"2":10,"3":10},"b":{"0":[7,1],"1":[7,1],"2":[1,0],"3":[7,5],"4":[7,6],"5":[7,6],"6":[7,5,5],"7":[7,5,5]},"_coverageSchema":"1a1c01bbd47fc00a2c39e90264f33305004495a9","hash":"21a8a1fdf7cc5c3dd4caa178e2c443b80283a2df"}
,"/Users/constance/Downloads/concordia_campus_navigation/src/components/CalendarButton.tsx": {"path":"/Users/constance/Downloads/concordia_campus_navigation/src/components/CalendarButton.tsx","statementMap":{"0":{"start":{"line":9,"column":23},"end":{"line":24,"column":1}},"1":{"start":{"line":10,"column":21},"end":{"line":10,"column":77}},"2":{"start":{"line":12,"column":23},"end":{"line":15,"column":3}},"3":{"start":{"line":14,"column":4},"end":{"line":14,"column":36}},"4":{"start":{"line":17,"column":2},"end":{"line":23,"column":4}}},"fnMap":{"0":{"name":"(anonymous_0)","decl":{"start":{"line":9,"column":23},"end":{"line":9,"column":24}},"loc":{"start":{"line":9,"column":29},"end":{"line":24,"column":1}},"line":9},"1":{"name":"(anonymous_1)","decl":{"start":{"line":12,"column":23},"end":{"line":12,"column":24}},"loc":{"start":{"line":12,"column":29},"end":{"line":15,"column":3}},"line":12}},"branchMap":{},"s":{"0":1,"1":4,"2":4,"3":1,"4":4},"f":{"0":4,"1":1},"b":{},"_coverageSchema":"1a1c01bbd47fc00a2c39e90264f33305004495a9","hash":"0d35d2764fa1539c0da9df66e93c6104e2593b97"}
,"/Users/constance/Downloads/concordia_campus_navigation/src/components/DirectionsSteps.tsx": {"path":"/Users/constance/Downloads/concordia_campus_navigation/src/components/DirectionsSteps.tsx","statementMap":{"0":{"start":{"line":7,"column":24},"end":{"line":127,"column":1}},"1":{"start":{"line":8,"column":53},"end":{"line":8,"column":64}},"2":{"start":{"line":9,"column":50},"end":{"line":9,"column":72}},"3":{"start":{"line":11,"column":22},"end":{"line":15,"column":3}},"4":{"start":{"line":12,"column":4},"end":{"line":14,"column":42}},"5":{"start":{"line":17,"column":2},"end":{"line":63,"column":25}},"6":{"start":{"line":18,"column":4},"end":{"line":62,"column":5}},"7":{"start":{"line":20,"column":28},"end":{"line":23,"column":7}},"8":{"start":{"line":22,"column":10},"end":{"line":22,"column":98}},"9":{"start":{"line":25,"column":27},"end":{"line":27,"column":7}},"10":{"start":{"line":26,"column":8},"end":{"line":26,"column":25}},"11":{"start":{"line":29,"column":43},"end":{"line":29,"column":45}},"12":{"start":{"line":30,"column":21},"end":{"line":30,"column":41}},"13":{"start":{"line":31,"column":34},"end":{"line":35,"column":7}},"14":{"start":{"line":33,"column":10},"end":{"line":33,"column":65}},"15":{"start":{"line":37,"column":6},"end":{"line":54,"column":7}},"16":{"start":{"line":37,"column":19},"end":{"line":37,"column":20}},"17":{"start":{"line":38,"column":41},"end":{"line":40,"column":9}},"18":{"start":{"line":39,"column":25},"end":{"line":39,"column":42}},"19":{"start":{"line":42,"column":8},"end":{"line":53,"column":9}},"20":{"start":{"line":43,"column":10},"end":{"line":45,"column":12}},"21":{"start":{"line":47,"column":10},"end":{"line":49,"column":12}},"22":{"start":{"line":50,"column":10},"end":{"line":52,"column":12}},"23":{"start":{"line":56,"column":6},"end":{"line":58,"column":44}},"24":{"start":{"line":61,"column":6},"end":{"line":61,"column":30}},"25":{"start":{"line":65,"column":2},"end":{"line":126,"column":4}},"26":{"start":{"line":70,"column":60},"end":{"line":88,"column":13}},"27":{"start":{"line":90,"column":41},"end":{"line":90,"column":66}},"28":{"start":{"line":92,"column":45},"end":{"line":100,"column":20}},"29":{"start":{"line":93,"column":23},"end":{"line":93,"column":57}},"30":{"start":{"line":97,"column":20},"end":{"line":97,"column":54}},"31":{"start":{"line":101,"column":12},"end":{"line":122,"column":14}}},"fnMap":{"0":{"name":"(anonymous_0)","decl":{"start":{"line":7,"column":24},"end":{"line":7,"column":25}},"loc":{"start":{"line":7,"column":30},"end":{"line":127,"column":1}},"line":7},"1":{"name":"(anonymous_1)","decl":{"start":{"line":11,"column":22},"end":{"line":11,"column":23}},"loc":{"start":{"line":11,"column":42},"end":{"line":15,"column":3}},"line":11},"2":{"name":"(anonymous_2)","decl":{"start":{"line":17,"column":12},"end":{"line":17,"column":13}},"loc":{"start":{"line":17,"column":18},"end":{"line":63,"column":3}},"line":17},"3":{"name":"(anonymous_3)","decl":{"start":{"line":21,"column":8},"end":{"line":21,"column":9}},"loc":{"start":{"line":22,"column":10},"end":{"line":22,"column":98}},"line":22},"4":{"name":"(anonymous_4)","decl":{"start":{"line":25,"column":65},"end":{"line":25,"column":66}},"loc":{"start":{"line":26,"column":8},"end":{"line":26,"column":25}},"line":26},"5":{"name":"(anonymous_5)","decl":{"start":{"line":32,"column":8},"end":{"line":32,"column":9}},"loc":{"start":{"line":32,"column":23},"end":{"line":34,"column":9}},"line":32},"6":{"name":"(anonymous_6)","decl":{"start":{"line":39,"column":10},"end":{"line":39,"column":11}},"loc":{"start":{"line":39,"column":25},"end":{"line":39,"column":42}},"line":39},"7":{"name":"(anonymous_7)","decl":{"start":{"line":69,"column":31},"end":{"line":69,"column":32}},"loc":{"start":{"line":69,"column":55},"end":{"line":123,"column":11}},"line":69},"8":{"name":"(anonymous_8)","decl":{"start":{"line":93,"column":14},"end":{"line":93,"column":15}},"loc":{"start":{"line":93,"column":23},"end":{"line":93,"column":57}},"line":93},"9":{"name":"(anonymous_9)","decl":{"start":{"line":96,"column":49},"end":{"line":96,"column":50}},"loc":{"start":{"line":97,"column":20},"end":{"line":97,"column":54}},"line":97}},"branchMap":{"0":{"loc":{"start":{"line":18,"column":4},"end":{"line":62,"column":5}},"type":"if","locations":[{"start":{"line":18,"column":4},"end":{"line":62,"column":5}},{"start":{"line":60,"column":11},"end":{"line":62,"column":5}}],"line":18},"1":{"loc":{"start":{"line":18,"column":8},"end":{"line":18,"column":55}},"type":"binary-expr","locations":[{"start":{"line":18,"column":8},"end":{"line":18,"column":24}},{"start":{"line":18,"column":28},"end":{"line":18,"column":55}}],"line":18},"2":{"loc":{"start":{"line":22,"column":10},"end":{"line":22,"column":98}},"type":"binary-expr","locations":[{"start":{"line":22,"column":10},"end":{"line":22,"column":32}},{"start":{"line":22,"column":36},"end":{"line":22,"column":98}}],"line":22},"3":{"loc":{"start":{"line":42,"column":8},"end":{"line":53,"column":9}},"type":"if","locations":[{"start":{"line":42,"column":8},"end":{"line":53,"column":9}},{"start":{"line":46,"column":15},"end":{"line":53,"column":9}}],"line":42},"4":{"loc":{"start":{"line":56,"column":6},"end":{"line":58,"column":43}},"type":"cond-expr","locations":[{"start":{"line":57,"column":10},"end":{"line":57,"column":51}},{"start":{"line":58,"column":10},"end":{"line":58,"column":43}}],"line":56},"5":{"loc":{"start":{"line":68,"column":9},"end":{"line":123,"column":12}},"type":"binary-expr","locations":[{"start":{"line":68,"column":9},"end":{"line":68,"column":36}},{"start":{"line":69,"column":10},"end":{"line":123,"column":12}}],"line":68},"6":{"loc":{"start":{"line":92,"column":45},"end":{"line":100,"column":20}},"type":"cond-expr","locations":[{"start":{"line":95,"column":16},"end":{"line":99,"column":17}},{"start":{"line":100,"column":16},"end":{"line":100,"column":20}}],"line":92},"7":{"loc":{"start":{"line":105,"column":21},"end":{"line":113,"column":21}},"type":"binary-expr","locations":[{"start":{"line":105,"column":21},"end":{"line":105,"column":45}},{"start":{"line":106,"column":22},"end":{"line":112,"column":24}}],"line":105}},"s":{"0":1,"1":18,"2":18,"3":18,"4":38,"5":18,"6":9,"7":8,"8":29,"9":8,"10":29,"11":8,"12":8,"13":8,"14":29,"15":8,"16":8,"17":29,"18":9,"19":29,"20":24,"21":5,"22":5,"23":8,"24":1,"25":18,"26":42,"27":42,"28":42,"29":353,"30":200,"31":42},"f":{"0":18,"1":38,"2":9,"3":29,"4":29,"5":29,"6":9,"7":42,"8":353,"9":200},"b":{"0":[8,1],"1":[9,9],"2":[29,29],"3":[24,5],"4":[3,5],"5":[18,9],"6":[33,9],"7":[42,33]},"_coverageSchema":"1a1c01bbd47fc00a2c39e90264f33305004495a9","hash":"7301da7283f98aab59e74f8672e4a3948c37fe6a"}
,"/Users/constance/Downloads/concordia_campus_navigation/src/components/FloorSelector.tsx": {"path":"/Users/constance/Downloads/concordia_campus_navigation/src/components/FloorSelector.tsx","statementMap":{"0":{"start":{"line":7,"column":29},"end":{"line":56,"column":1}},"1":{"start":{"line":8,"column":70},"end":{"line":8,"column":81}},"2":{"start":{"line":9,"column":37},"end":{"line":9,"column":56}},"3":{"start":{"line":10,"column":54},"end":{"line":10,"column":69}},"4":{"start":{"line":12,"column":30},"end":{"line":21,"column":5}},"5":{"start":{"line":13,"column":8},"end":{"line":13,"column":31}},"6":{"start":{"line":14,"column":8},"end":{"line":14,"column":36}},"7":{"start":{"line":16,"column":22},"end":{"line":16,"column":46}},"8":{"start":{"line":18,"column":8},"end":{"line":20,"column":9}},"9":{"start":{"line":19,"column":12},"end":{"line":19,"column":40}},"10":{"start":{"line":23,"column":4},"end":{"line":55,"column":6}},"11":{"start":{"line":30,"column":39},"end":{"line":30,"column":79}},"12":{"start":{"line":42,"column":32},"end":{"line":48,"column":51}},"13":{"start":{"line":45,"column":51},"end":{"line":45,"column":75}}},"fnMap":{"0":{"name":"(anonymous_0)","decl":{"start":{"line":7,"column":29},"end":{"line":7,"column":30}},"loc":{"start":{"line":7,"column":35},"end":{"line":56,"column":1}},"line":7},"1":{"name":"(anonymous_1)","decl":{"start":{"line":12,"column":30},"end":{"line":12,"column":31}},"loc":{"start":{"line":12,"column":49},"end":{"line":21,"column":5}},"line":12},"2":{"name":"(anonymous_2)","decl":{"start":{"line":30,"column":33},"end":{"line":30,"column":34}},"loc":{"start":{"line":30,"column":39},"end":{"line":30,"column":79}},"line":30},"3":{"name":"(anonymous_3)","decl":{"start":{"line":41,"column":43},"end":{"line":41,"column":44}},"loc":{"start":{"line":42,"column":32},"end":{"line":48,"column":51}},"line":42},"4":{"name":"(anonymous_4)","decl":{"start":{"line":45,"column":45},"end":{"line":45,"column":46}},"loc":{"start":{"line":45,"column":51},"end":{"line":45,"column":75}},"line":45}},"branchMap":{"0":{"loc":{"start":{"line":18,"column":8},"end":{"line":20,"column":9}},"type":"if","locations":[{"start":{"line":18,"column":8},"end":{"line":20,"column":9}},{"start":{},"end":{}}],"line":18},"1":{"loc":{"start":{"line":25,"column":13},"end":{"line":53,"column":13}},"type":"binary-expr","locations":[{"start":{"line":25,"column":13},"end":{"line":25,"column":24}},{"start":{"line":26,"column":16},"end":{"line":52,"column":23}}],"line":25},"2":{"loc":{"start":{"line":39,"column":21},"end":{"line":51,"column":21}},"type":"binary-expr","locations":[{"start":{"line":39,"column":21},"end":{"line":39,"column":38}},{"start":{"line":40,"column":24},"end":{"line":50,"column":31}}],"line":39}},"s":{"0":1,"1":13,"2":13,"3":13,"4":13,"5":2,"6":2,"7":2,"8":2,"9":2,"10":13,"11":5,"12":12,"13":2},"f":{"0":13,"1":2,"2":5,"3":12,"4":2},"b":{"0":[2,0],"1":[13,12],"2":[12,4]},"_coverageSchema":"1a1c01bbd47fc00a2c39e90264f33305004495a9","hash":"468b4d3ccb3c6152db9ffc2ce8581e06fcad78a8"}
,"/Users/constance/Downloads/concordia_campus_navigation/src/components/IndoorViewButton.tsx": {"path":"/Users/constance/Downloads/concordia_campus_navigation/src/components/IndoorViewButton.tsx","statementMap":{"0":{"start":{"line":10,"column":31},"end":{"line":10,"column":42}},"1":{"start":{"line":11,"column":33},"end":{"line":11,"column":44}},"2":{"start":{"line":12,"column":33},"end":{"line":12,"column":70}},"3":{"start":{"line":13,"column":39},"end":{"line":13,"column":76}},"4":{"start":{"line":14,"column":42},"end":{"line":14,"column":77}},"5":{"start":{"line":15,"column":34},"end":{"line":15,"column":60}},"6":{"start":{"line":18,"column":4},"end":{"line":38,"column":5}},"7":{"start":{"line":29,"column":31},"end":{"line":29,"column":59}}},"fnMap":{"0":{"name":"IndoorViewButton","decl":{"start":{"line":8,"column":9},"end":{"line":8,"column":25}},"loc":{"start":{"line":8,"column":69},"end":{"line":39,"column":1}},"line":8},"1":{"name":"(anonymous_1)","decl":{"start":{"line":29,"column":25},"end":{"line":29,"column":26}},"loc":{"start":{"line":29,"column":31},"end":{"line":29,"column":59}},"line":29}},"branchMap":{"0":{"loc":{"start":{"line":12,"column":33},"end":{"line":12,"column":70}},"type":"cond-expr","locations":[{"start":{"line":12,"column":52},"end":{"line":12,"column":61}},{"start":{"line":12,"column":64},"end":{"line":12,"column":70}}],"line":12},"1":{"loc":{"start":{"line":13,"column":39},"end":{"line":13,"column":76}},"type":"cond-expr","locations":[{"start":{"line":13,"column":58},"end":{"line":13,"column":67}},{"start":{"line":13,"column":70},"end":{"line":13,"column":76}}],"line":13},"2":{"loc":{"start":{"line":14,"column":42},"end":{"line":14,"column":77}},"type":"cond-expr","locations":[{"start":{"line":14,"column":61},"end":{"line":14,"column":68}},{"start":{"line":14,"column":71},"end":{"line":14,"column":77}}],"line":14},"3":{"loc":{"start":{"line":15,"column":34},"end":{"line":15,"column":60}},"type":"cond-expr","locations":[{"start":{"line":15,"column":53},"end":{"line":15,"column":54}},{"start":{"line":15,"column":57},"end":{"line":15,"column":60}}],"line":15},"4":{"loc":{"start":{"line":24,"column":41},"end":{"line":24,"column":94}},"type":"cond-expr","locations":[{"start":{"line":24,"column":55},"end":{"line":24,"column":62}},{"start":{"line":24,"column":65},"end":{"line":24,"column":94}}],"line":24},"5":{"loc":{"start":{"line":25,"column":37},"end":{"line":25,"column":89}},"type":"cond-expr","locations":[{"start":{"line":25,"column":51},"end":{"line":25,"column":60}},{"start":{"line":25,"column":63},"end":{"line":25,"column":89}}],"line":25},"6":{"loc":{"start":{"line":26,"column":33},"end":{"line":26,"column":72}},"type":"cond-expr","locations":[{"start":{"line":26,"column":47},"end":{"line":26,"column":48}},{"start":{"line":26,"column":51},"end":{"line":26,"column":72}}],"line":26},"7":{"loc":{"start":{"line":32,"column":34},"end":{"line":32,"column":67}},"type":"cond-expr","locations":[{"start":{"line":32,"column":48},"end":{"line":32,"column":54}},{"start":{"line":32,"column":57},"end":{"line":32,"column":67}}],"line":32},"8":{"loc":{"start":{"line":32,"column":86},"end":{"line":32,"column":132}},"type":"cond-expr","locations":[{"start":{"line":32,"column":100},"end":{"line":32,"column":109}},{"start":{"line":32,"column":112},"end":{"line":32,"column":132}}],"line":32},"9":{"loc":{"start":{"line":33,"column":92},"end":{"line":33,"column":135}},"type":"cond-expr","locations":[{"start":{"line":33,"column":106},"end":{"line":33,"column":120}},{"start":{"line":33,"column":123},"end":{"line":33,"column":135}}],"line":33}},"s":{"0":12,"1":12,"2":12,"3":12,"4":12,"5":12,"6":12,"7":0},"f":{"0":12,"1":0},"b":{"0":[0,12],"1":[0,12],"2":[0,12],"3":[0,12],"4":[4,8],"5":[4,8],"6":[4,8],"7":[4,8],"8":[4,8],"9":[4,8]},"_coverageSchema":"1a1c01bbd47fc00a2c39e90264f33305004495a9","hash":"3ff55fe89dfe769784f36fe02b37d8cfd6d52bfc"}
,"/Users/constance/Downloads/concordia_campus_navigation/src/components/MapComponent.tsx": {"path":"/Users/constance/Downloads/concordia_campus_navigation/src/components/MapComponent.tsx","statementMap":{"0":{"start":{"line":27,"column":0},"end":{"line":27,"column":36}},"1":{"start":{"line":45,"column":6},"end":{"line":45,"column":17}},"2":{"start":{"line":46,"column":26},"end":{"line":46,"column":37}},"3":{"start":{"line":48,"column":20},"end":{"line":51,"column":3}},"4":{"start":{"line":53,"column":23},"end":{"line":56,"column":3}},"5":{"start":{"line":58,"column":20},"end":{"line":58,"column":47}},"6":{"start":{"line":59,"column":17},"end":{"line":59,"column":52}},"7":{"start":{"line":60,"column":36},"end":{"line":60,"column":51}},"8":{"start":{"line":61,"column":40},"end":{"line":61,"column":51}},"9":{"start":{"line":62,"column":50},"end":{"line":62,"column":65}},"10":{"start":{"line":63,"column":50},"end":{"line":63,"column":89}},"11":{"start":{"line":64,"column":44},"end":{"line":64,"column":72}},"12":{"start":{"line":67,"column":22},"end":{"line":70,"column":3}},"13":{"start":{"line":68,"column":4},"end":{"line":68,"column":34}},"14":{"start":{"line":69,"column":4},"end":{"line":69,"column":30}},"15":{"start":{"line":72,"column":23},"end":{"line":74,"column":3}},"16":{"start":{"line":73,"column":4},"end":{"line":73,"column":31}},"17":{"start":{"line":77,"column":2},"end":{"line":83,"column":46}},"18":{"start":{"line":78,"column":4},"end":{"line":82,"column":5}},"19":{"start":{"line":79,"column":38},"end":{"line":79,"column":54}},"20":{"start":{"line":80,"column":29},"end":{"line":80,"column":55}},"21":{"start":{"line":81,"column":6},"end":{"line":81,"column":42}},"22":{"start":{"line":85,"column":2},"end":{"line":169,"column":25}},"23":{"start":{"line":86,"column":4},"end":{"line":129,"column":5}},"24":{"start":{"line":87,"column":6},"end":{"line":125,"column":7}},"25":{"start":{"line":88,"column":22},"end":{"line":88,"column":41}},"26":{"start":{"line":89,"column":21},"end":{"line":89,"column":31}},"27":{"start":{"line":92,"column":41},"end":{"line":92,"column":43}},"28":{"start":{"line":94,"column":8},"end":{"line":113,"column":11}},"29":{"start":{"line":95,"column":10},"end":{"line":112,"column":13}},"30":{"start":{"line":100,"column":27},"end":{"line":100,"column":64}},"31":{"start":{"line":101,"column":49},"end":{"line":104,"column":15}},"32":{"start":{"line":101,"column":95},"end":{"line":104,"column":13}},"33":{"start":{"line":107,"column":14},"end":{"line":110,"column":17}},"34":{"start":{"line":116,"column":8},"end":{"line":116,"column":35}},"35":{"start":{"line":122,"column":8},"end":{"line":122,"column":68}},"36":{"start":{"line":124,"column":8},"end":{"line":124,"column":29}},"37":{"start":{"line":128,"column":6},"end":{"line":128,"column":27}},"38":{"start":{"line":132,"column":18},"end":{"line":143,"column":12}},"39":{"start":{"line":133,"column":6},"end":{"line":142,"column":7}},"40":{"start":{"line":134,"column":8},"end":{"line":139,"column":11}},"41":{"start":{"line":141,"column":8},"end":{"line":141,"column":62}},"42":{"start":{"line":145,"column":4},"end":{"line":145,"column":19}},"43":{"start":{"line":147,"column":33},"end":{"line":157,"column":5}},"44":{"start":{"line":155,"column":8},"end":{"line":155,"column":45}},"45":{"start":{"line":159,"column":4},"end":{"line":168,"column":6}},"46":{"start":{"line":160,"column":6},"end":{"line":160,"column":26}},"47":{"start":{"line":161,"column":6},"end":{"line":167,"column":11}},"48":{"start":{"line":163,"column":10},"end":{"line":163,"column":32}},"49":{"start":{"line":166,"column":10},"end":{"line":166,"column":76}},"50":{"start":{"line":172,"column":2},"end":{"line":174,"column":25}},"51":{"start":{"line":173,"column":4},"end":{"line":173,"column":39}},"52":{"start":{"line":173,"column":29},"end":{"line":173,"column":37}},"53":{"start":{"line":176,"column":23},"end":{"line":184,"column":1}},"54":{"start":{"line":177,"column":4},"end":{"line":183,"column":5}},"55":{"start":{"line":178,"column":24},"end":{"line":178,"column":41}},"56":{"start":{"line":179,"column":24},"end":{"line":179,"column":41}},"57":{"start":{"line":180,"column":24},"end":{"line":180,"column":41}},"58":{"start":{"line":181,"column":26},"end":{"line":181,"column":43}},"59":{"start":{"line":182,"column":17},"end":{"line":182,"column":34}},"60":{"start":{"line":185,"column":23},"end":{"line":200,"column":3}},"61":{"start":{"line":186,"column":4},"end":{"line":199,"column":5}},"62":{"start":{"line":187,"column":23},"end":{"line":187,"column":73}},"63":{"start":{"line":189,"column":6},"end":{"line":192,"column":7}},"64":{"start":{"line":190,"column":8},"end":{"line":190,"column":65}},"65":{"start":{"line":191,"column":8},"end":{"line":191,"column":15}},"66":{"start":{"line":194,"column":21},"end":{"line":194,"column":63}},"67":{"start":{"line":196,"column":6},"end":{"line":196,"column":43}},"68":{"start":{"line":198,"column":6},"end":{"line":198,"column":51}},"69":{"start":{"line":202,"column":26},"end":{"line":213,"column":3}},"70":{"start":{"line":203,"column":4},"end":{"line":205,"column":5}},"71":{"start":{"line":204,"column":6},"end":{"line":204,"column":13}},"72":{"start":{"line":207,"column":4},"end":{"line":212,"column":7}},"73":{"start":{"line":215,"column":29},"end":{"line":228,"column":3}},"74":{"start":{"line":216,"column":19},"end":{"line":216,"column":51}},"75":{"start":{"line":218,"column":4},"end":{"line":227,"column":5}},"76":{"start":{"line":219,"column":6},"end":{"line":224,"column":9}},"77":{"start":{"line":226,"column":6},"end":{"line":226,"column":43}},"78":{"start":{"line":230,"column":2},"end":{"line":362,"column":4}},"79":{"start":{"line":241,"column":37},"end":{"line":241,"column":55}},"80":{"start":{"line":247,"column":12},"end":{"line":247,"column":36}},"81":{"start":{"line":254,"column":10},"end":{"line":266,"column":35}},"82":{"start":{"line":260,"column":14},"end":{"line":260,"column":36}},"83":{"start":{"line":283,"column":10},"end":{"line":311,"column":31}},"84":{"start":{"line":293,"column":68},"end":{"line":296,"column":21}}},"fnMap":{"0":{"name":"MapComponent","decl":{"start":{"line":29,"column":24},"end":{"line":29,"column":36}},"loc":{"start":{"line":39,"column":3},"end":{"line":363,"column":1}},"line":39},"1":{"name":"(anonymous_1)","decl":{"start":{"line":67,"column":22},"end":{"line":67,"column":23}},"loc":{"start":{"line":67,"column":54},"end":{"line":70,"column":3}},"line":67},"2":{"name":"(anonymous_2)","decl":{"start":{"line":72,"column":23},"end":{"line":72,"column":24}},"loc":{"start":{"line":72,"column":29},"end":{"line":74,"column":3}},"line":72},"3":{"name":"(anonymous_3)","decl":{"start":{"line":77,"column":12},"end":{"line":77,"column":13}},"loc":{"start":{"line":77,"column":18},"end":{"line":83,"column":3}},"line":77},"4":{"name":"(anonymous_4)","decl":{"start":{"line":85,"column":12},"end":{"line":85,"column":13}},"loc":{"start":{"line":85,"column":18},"end":{"line":169,"column":3}},"line":85},"5":{"name":"(anonymous_5)","decl":{"start":{"line":94,"column":21},"end":{"line":94,"column":22}},"loc":{"start":{"line":94,"column":49},"end":{"line":113,"column":9}},"line":94},"6":{"name":"(anonymous_6)","decl":{"start":{"line":95,"column":28},"end":{"line":95,"column":29}},"loc":{"start":{"line":98,"column":16},"end":{"line":112,"column":11}},"line":98},"7":{"name":"(anonymous_7)","decl":{"start":{"line":101,"column":60},"end":{"line":101,"column":61}},"loc":{"start":{"line":101,"column":95},"end":{"line":104,"column":13}},"line":101},"8":{"name":"(anonymous_8)","decl":{"start":{"line":132,"column":29},"end":{"line":132,"column":30}},"loc":{"start":{"line":132,"column":35},"end":{"line":143,"column":5}},"line":132},"9":{"name":"(anonymous_9)","decl":{"start":{"line":153,"column":6},"end":{"line":153,"column":7}},"loc":{"start":{"line":153,"column":20},"end":{"line":156,"column":7}},"line":153},"10":{"name":"(anonymous_10)","decl":{"start":{"line":159,"column":11},"end":{"line":159,"column":12}},"loc":{"start":{"line":159,"column":17},"end":{"line":168,"column":5}},"line":159},"11":{"name":"(anonymous_11)","decl":{"start":{"line":162,"column":14},"end":{"line":162,"column":15}},"loc":{"start":{"line":162,"column":32},"end":{"line":164,"column":9}},"line":162},"12":{"name":"(anonymous_12)","decl":{"start":{"line":165,"column":15},"end":{"line":165,"column":16}},"loc":{"start":{"line":165,"column":26},"end":{"line":167,"column":9}},"line":165},"13":{"name":"(anonymous_13)","decl":{"start":{"line":172,"column":12},"end":{"line":172,"column":13}},"loc":{"start":{"line":172,"column":18},"end":{"line":174,"column":3}},"line":172},"14":{"name":"(anonymous_14)","decl":{"start":{"line":173,"column":19},"end":{"line":173,"column":20}},"loc":{"start":{"line":173,"column":29},"end":{"line":173,"column":37}},"line":173},"15":{"name":"(anonymous_15)","decl":{"start":{"line":176,"column":23},"end":{"line":176,"column":24}},"loc":{"start":{"line":176,"column":38},"end":{"line":184,"column":1}},"line":176},"16":{"name":"(anonymous_16)","decl":{"start":{"line":185,"column":23},"end":{"line":185,"column":24}},"loc":{"start":{"line":185,"column":35},"end":{"line":200,"column":3}},"line":185},"17":{"name":"(anonymous_17)","decl":{"start":{"line":202,"column":26},"end":{"line":202,"column":27}},"loc":{"start":{"line":202,"column":32},"end":{"line":213,"column":3}},"line":202},"18":{"name":"(anonymous_18)","decl":{"start":{"line":215,"column":29},"end":{"line":215,"column":30}},"loc":{"start":{"line":215,"column":49},"end":{"line":228,"column":3}},"line":215},"19":{"name":"(anonymous_19)","decl":{"start":{"line":241,"column":31},"end":{"line":241,"column":32}},"loc":{"start":{"line":241,"column":37},"end":{"line":241,"column":55}},"line":241},"20":{"name":"(anonymous_20)","decl":{"start":{"line":246,"column":15},"end":{"line":246,"column":16}},"loc":{"start":{"line":246,"column":24},"end":{"line":248,"column":11}},"line":246},"21":{"name":"(anonymous_21)","decl":{"start":{"line":253,"column":39},"end":{"line":253,"column":40}},"loc":{"start":{"line":254,"column":10},"end":{"line":266,"column":35}},"line":254},"22":{"name":"(anonymous_22)","decl":{"start":{"line":259,"column":24},"end":{"line":259,"column":25}},"loc":{"start":{"line":259,"column":30},"end":{"line":261,"column":13}},"line":259},"23":{"name":"(anonymous_23)","decl":{"start":{"line":282,"column":44},"end":{"line":282,"column":45}},"loc":{"start":{"line":283,"column":10},"end":{"line":311,"column":31}},"line":283},"24":{"name":"(anonymous_24)","decl":{"start":{"line":293,"column":57},"end":{"line":293,"column":58}},"loc":{"start":{"line":293,"column":68},"end":{"line":296,"column":21}},"line":293}},"branchMap":{"0":{"loc":{"start":{"line":78,"column":4},"end":{"line":82,"column":5}},"type":"if","locations":[{"start":{"line":78,"column":4},"end":{"line":82,"column":5}},{"start":{},"end":{}}],"line":78},"1":{"loc":{"start":{"line":86,"column":4},"end":{"line":129,"column":5}},"type":"if","locations":[{"start":{"line":86,"column":4},"end":{"line":129,"column":5}},{"start":{"line":126,"column":11},"end":{"line":129,"column":5}}],"line":86},"2":{"loc":{"start":{"line":86,"column":8},"end":{"line":86,"column":55}},"type":"binary-expr","locations":[{"start":{"line":86,"column":8},"end":{"line":86,"column":24}},{"start":{"line":86,"column":28},"end":{"line":86,"column":55}}],"line":86},"3":{"loc":{"start":{"line":133,"column":6},"end":{"line":142,"column":7}},"type":"if","locations":[{"start":{"line":133,"column":6},"end":{"line":142,"column":7}},{"start":{"line":140,"column":13},"end":{"line":142,"column":7}}],"line":133},"4":{"loc":{"start":{"line":177,"column":4},"end":{"line":183,"column":5}},"type":"switch","locations":[{"start":{"line":178,"column":8},"end":{"line":178,"column":41}},{"start":{"line":179,"column":8},"end":{"line":179,"column":41}},{"start":{"line":180,"column":8},"end":{"line":180,"column":41}},{"start":{"line":181,"column":8},"end":{"line":181,"column":43}},{"start":{"line":182,"column":8},"end":{"line":182,"column":34}}],"line":177},"5":{"loc":{"start":{"line":189,"column":6},"end":{"line":192,"column":7}},"type":"if","locations":[{"start":{"line":189,"column":6},"end":{"line":192,"column":7}},{"start":{},"end":{}}],"line":189},"6":{"loc":{"start":{"line":203,"column":4},"end":{"line":205,"column":5}},"type":"if","locations":[{"start":{"line":203,"column":4},"end":{"line":205,"column":5}},{"start":{},"end":{}}],"line":203},"7":{"loc":{"start":{"line":203,"column":8},"end":{"line":203,"column":61}},"type":"binary-expr","locations":[{"start":{"line":203,"column":8},"end":{"line":203,"column":25}},{"start":{"line":203,"column":29},"end":{"line":203,"column":47}},{"start":{"line":203,"column":51},"end":{"line":203,"column":61}}],"line":203},"8":{"loc":{"start":{"line":216,"column":19},"end":{"line":216,"column":51}},"type":"cond-expr","locations":[{"start":{"line":216,"column":27},"end":{"line":216,"column":36}},{"start":{"line":216,"column":39},"end":{"line":216,"column":51}}],"line":216},"9":{"loc":{"start":{"line":218,"column":4},"end":{"line":227,"column":5}},"type":"if","locations":[{"start":{"line":218,"column":4},"end":{"line":227,"column":5}},{"start":{"line":225,"column":11},"end":{"line":227,"column":5}}],"line":218},"10":{"loc":{"start":{"line":218,"column":8},"end":{"line":218,"column":38}},"type":"binary-expr","locations":[{"start":{"line":218,"column":8},"end":{"line":218,"column":17}},{"start":{"line":218,"column":21},"end":{"line":218,"column":38}}],"line":218},"11":{"loc":{"start":{"line":253,"column":9},"end":{"line":267,"column":10}},"type":"binary-expr","locations":[{"start":{"line":253,"column":9},"end":{"line":253,"column":21}},{"start":{"line":253,"column":25},"end":{"line":267,"column":10}}],"line":253},"12":{"loc":{"start":{"line":269,"column":9},"end":{"line":280,"column":9}},"type":"binary-expr","locations":[{"start":{"line":269,"column":9},"end":{"line":269,"column":25}},{"start":{"line":270,"column":10},"end":{"line":279,"column":28}}],"line":269},"13":{"loc":{"start":{"line":282,"column":9},"end":{"line":312,"column":10}},"type":"binary-expr","locations":[{"start":{"line":282,"column":9},"end":{"line":282,"column":22}},{"start":{"line":282,"column":26},"end":{"line":312,"column":10}}],"line":282},"14":{"loc":{"start":{"line":308,"column":31},"end":{"line":308,"column":75}},"type":"cond-expr","locations":[{"start":{"line":308,"column":60},"end":{"line":308,"column":66}},{"start":{"line":308,"column":69},"end":{"line":308,"column":75}}],"line":308},"15":{"loc":{"start":{"line":351,"column":7},"end":{"line":360,"column":7}},"type":"binary-expr","locations":[{"start":{"line":351,"column":7},"end":{"line":351,"column":19}},{"start":{"line":351,"column":24},"end":{"line":359,"column":13}}],"line":351}},"s":{"0":1,"1":15,"2":15,"3":15,"4":15,"5":15,"6":15,"7":15,"8":15,"9":15,"10":15,"11":15,"12":15,"13":0,"14":0,"15":15,"16":0,"17":15,"18":5,"19":1,"20":1,"21":1,"22":15,"23":5,"24":1,"25":1,"26":1,"27":1,"28":1,"29":1,"30":1,"31":1,"32":2,"33":1,"34":1,"35":0,"36":0,"37":4,"38":5,"39":0,"40":0,"41":0,"42":5,"43":5,"44":0,"45":5,"46":5,"47":5,"48":5,"49":0,"50":15,"51":5,"52":5,"53":15,"54":1,"55":1,"56":0,"57":0,"58":0,"59":0,"60":15,"61":5,"62":5,"63":5,"64":1,"65":1,"66":4,"67":4,"68":0,"69":15,"70":0,"71":0,"72":0,"73":15,"74":0,"75":0,"76":0,"77":0,"78":15,"79":12,"80":0,"81":900,"82":0,"83":1,"84":2},"f":{"0":15,"1":0,"2":0,"3":5,"4":5,"5":1,"6":1,"7":2,"8":0,"9":0,"10":5,"11":5,"12":0,"13":5,"14":5,"15":1,"16":5,"17":0,"18":0,"19":12,"20":0,"21":900,"22":0,"23":1,"24":2},"b":{"0":[1,4],"1":[1,4],"2":[5,5],"3":[0,0],"4":[1,0,0,0,0],"5":[1,4],"6":[0,0],"7":[0,0,0],"8":[0,0],"9":[0,0],"10":[0,0],"11":[15,15],"12":[15,1],"13":[15,15],"14":[1,0],"15":[15,15]},"_coverageSchema":"1a1c01bbd47fc00a2c39e90264f33305004495a9","hash":"ef66dbd60ee6279123f9ea063c7cf9f13dbcf43b"}
,"/Users/constance/Downloads/concordia_campus_navigation/src/components/Point-of-interest_Form.tsx": {"path":"/Users/constance/Downloads/concordia_campus_navigation/src/components/Point-of-interest_Form.tsx","statementMap":{"0":{"start":{"line":15,"column":44},"end":{"line":21,"column":1}},"1":{"start":{"line":24,"column":28},"end":{"line":26,"column":1}},"2":{"start":{"line":25,"column":52},"end":{"line":25,"column":64}},"3":{"start":{"line":28,"column":72},"end":{"line":103,"column":1}},"4":{"start":{"line":34,"column":40},"end":{"line":36,"column":3}},"5":{"start":{"line":37,"column":46},"end":{"line":37,"column":83}},"6":{"start":{"line":39,"column":2},"end":{"line":41,"column":25}},"7":{"start":{"line":40,"column":4},"end":{"line":40,"column":92}},"8":{"start":{"line":43,"column":2},"end":{"line":45,"column":15}},"9":{"start":{"line":44,"column":4},"end":{"line":44,"column":36}},"10":{"start":{"line":47,"column":2},"end":{"line":53,"column":33}},"11":{"start":{"line":48,"column":4},"end":{"line":52,"column":5}},"12":{"start":{"line":50,"column":23},"end":{"line":50,"column":76}},"13":{"start":{"line":51,"column":6},"end":{"line":51,"column":28}},"14":{"start":{"line":55,"column":2},"end":{"line":59,"column":39}},"15":{"start":{"line":56,"column":4},"end":{"line":58,"column":5}},"16":{"start":{"line":57,"column":6},"end":{"line":57,"column":37}},"17":{"start":{"line":61,"column":26},"end":{"line":64,"column":3}},"18":{"start":{"line":62,"column":19},"end":{"line":62,"column":58}},"19":{"start":{"line":63,"column":4},"end":{"line":63,"column":27}},"20":{"start":{"line":66,"column":29},"end":{"line":68,"column":3}},"21":{"start":{"line":67,"column":4},"end":{"line":67,"column":29}},"22":{"start":{"line":70,"column":2},"end":{"line":102,"column":4}},"23":{"start":{"line":78,"column":38},"end":{"line":78,"column":64}},"24":{"start":{"line":84,"column":10},"end":{"line":84,"column":59}},"25":{"start":{"line":93,"column":34},"end":{"line":93,"column":59}},"26":{"start":{"line":98,"column":10},"end":{"line":98,"column":65}}},"fnMap":{"0":{"name":"(anonymous_0)","decl":{"start":{"line":25,"column":34},"end":{"line":25,"column":35}},"loc":{"start":{"line":25,"column":52},"end":{"line":25,"column":64}},"line":25},"1":{"name":"(anonymous_1)","decl":{"start":{"line":28,"column":72},"end":{"line":28,"column":73}},"loc":{"start":{"line":33,"column":6},"end":{"line":103,"column":1}},"line":33},"2":{"name":"(anonymous_2)","decl":{"start":{"line":39,"column":12},"end":{"line":39,"column":13}},"loc":{"start":{"line":39,"column":18},"end":{"line":41,"column":3}},"line":39},"3":{"name":"(anonymous_3)","decl":{"start":{"line":43,"column":12},"end":{"line":43,"column":13}},"loc":{"start":{"line":43,"column":18},"end":{"line":45,"column":3}},"line":43},"4":{"name":"(anonymous_4)","decl":{"start":{"line":47,"column":12},"end":{"line":47,"column":13}},"loc":{"start":{"line":47,"column":18},"end":{"line":53,"column":3}},"line":47},"5":{"name":"(anonymous_5)","decl":{"start":{"line":55,"column":12},"end":{"line":55,"column":13}},"loc":{"start":{"line":55,"column":18},"end":{"line":59,"column":3}},"line":55},"6":{"name":"(anonymous_6)","decl":{"start":{"line":61,"column":26},"end":{"line":61,"column":27}},"loc":{"start":{"line":61,"column":49},"end":{"line":64,"column":3}},"line":61},"7":{"name":"(anonymous_7)","decl":{"start":{"line":66,"column":29},"end":{"line":66,"column":30}},"loc":{"start":{"line":66,"column":48},"end":{"line":68,"column":3}},"line":66},"8":{"name":"(anonymous_8)","decl":{"start":{"line":78,"column":23},"end":{"line":78,"column":24}},"loc":{"start":{"line":78,"column":38},"end":{"line":78,"column":64}},"line":78},"9":{"name":"(anonymous_9)","decl":{"start":{"line":83,"column":38},"end":{"line":83,"column":39}},"loc":{"start":{"line":84,"column":10},"end":{"line":84,"column":59}},"line":84},"10":{"name":"(anonymous_10)","decl":{"start":{"line":93,"column":23},"end":{"line":93,"column":24}},"loc":{"start":{"line":93,"column":34},"end":{"line":93,"column":59}},"line":93},"11":{"name":"(anonymous_11)","decl":{"start":{"line":97,"column":36},"end":{"line":97,"column":37}},"loc":{"start":{"line":98,"column":10},"end":{"line":98,"column":65}},"line":98}},"branchMap":{"0":{"loc":{"start":{"line":35,"column":4},"end":{"line":35,"column":75}},"type":"cond-expr","locations":[{"start":{"line":35,"column":23},"end":{"line":35,"column":68}},{"start":{"line":35,"column":71},"end":{"line":35,"column":75}}],"line":35},"1":{"loc":{"start":{"line":35,"column":23},"end":{"line":35,"column":68}},"type":"binary-expr","locations":[{"start":{"line":35,"column":23},"end":{"line":35,"column":60}},{"start":{"line":35,"column":64},"end":{"line":35,"column":68}}],"line":35},"2":{"loc":{"start":{"line":37,"column":70},"end":{"line":37,"column":82}},"type":"binary-expr","locations":[{"start":{"line":37,"column":70},"end":{"line":37,"column":76}},{"start":{"line":37,"column":80},"end":{"line":37,"column":82}}],"line":37},"3":{"loc":{"start":{"line":40,"column":19},"end":{"line":40,"column":90}},"type":"cond-expr","locations":[{"start":{"line":40,"column":38},"end":{"line":40,"column":83}},{"start":{"line":40,"column":86},"end":{"line":40,"column":90}}],"line":40},"4":{"loc":{"start":{"line":40,"column":38},"end":{"line":40,"column":83}},"type":"binary-expr","locations":[{"start":{"line":40,"column":38},"end":{"line":40,"column":75}},{"start":{"line":40,"column":79},"end":{"line":40,"column":83}}],"line":40},"5":{"loc":{"start":{"line":44,"column":22},"end":{"line":44,"column":34}},"type":"binary-expr","locations":[{"start":{"line":44,"column":22},"end":{"line":44,"column":28}},{"start":{"line":44,"column":32},"end":{"line":44,"column":34}}],"line":44},"6":{"loc":{"start":{"line":48,"column":4},"end":{"line":52,"column":5}},"type":"if","locations":[{"start":{"line":48,"column":4},"end":{"line":52,"column":5}},{"start":{},"end":{}}],"line":48},"7":{"loc":{"start":{"line":50,"column":23},"end":{"line":50,"column":76}},"type":"cond-expr","locations":[{"start":{"line":50,"column":37},"end":{"line":50,"column":69}},{"start":{"line":50,"column":72},"end":{"line":50,"column":76}}],"line":50},"8":{"loc":{"start":{"line":50,"column":37},"end":{"line":50,"column":69}},"type":"binary-expr","locations":[{"start":{"line":50,"column":37},"end":{"line":50,"column":61}},{"start":{"line":50,"column":65},"end":{"line":50,"column":69}}],"line":50},"9":{"loc":{"start":{"line":56,"column":4},"end":{"line":58,"column":5}},"type":"if","locations":[{"start":{"line":56,"column":4},"end":{"line":58,"column":5}},{"start":{},"end":{}}],"line":56},"10":{"loc":{"start":{"line":62,"column":19},"end":{"line":62,"column":58}},"type":"cond-expr","locations":[{"start":{"line":62,"column":42},"end":{"line":62,"column":46}},{"start":{"line":62,"column":49},"end":{"line":62,"column":58}}],"line":62},"11":{"loc":{"start":{"line":77,"column":23},"end":{"line":77,"column":44}},"type":"binary-expr","locations":[{"start":{"line":77,"column":23},"end":{"line":77,"column":34}},{"start":{"line":77,"column":38},"end":{"line":77,"column":44}}],"line":77},"12":{"loc":{"start":{"line":92,"column":23},"end":{"line":92,"column":43}},"type":"binary-expr","locations":[{"start":{"line":92,"column":23},"end":{"line":92,"column":37}},{"start":{"line":92,"column":41},"end":{"line":92,"column":43}}],"line":92}},"s":{"0":1,"1":1,"2":5,"3":1,"4":6,"5":6,"6":6,"7":4,"8":6,"9":4,"10":6,"11":5,"12":2,"13":2,"14":6,"15":5,"16":2,"17":6,"18":1,"19":1,"20":6,"21":1,"22":6,"23":1,"24":30,"25":1,"26":30},"f":{"0":5,"1":6,"2":4,"3":4,"4":5,"5":5,"6":1,"7":1,"8":1,"9":30,"10":1,"11":30},"b":{"0":[1,5],"1":[1,0],"2":[6,5],"3":[1,3],"4":[1,0],"5":[4,3],"6":[2,3],"7":[1,1],"8":[1,0],"9":[2,3],"10":[0,1],"11":[6,4],"12":[6,0]},"_coverageSchema":"1a1c01bbd47fc00a2c39e90264f33305004495a9","hash":"f9dc4d582a94857067cf9da7f400a96e2a5da082"}
,"/Users/constance/Downloads/concordia_campus_navigation/src/components/Point-of-interest_Map.tsx": {"path":"/Users/constance/Downloads/concordia_campus_navigation/src/components/Point-of-interest_Map.tsx","statementMap":{"0":{"start":{"line":13,"column":0},"end":{"line":19,"column":1}},"1":{"start":{"line":14,"column":14},"end":{"line":14,"column":29}},"2":{"start":{"line":15,"column":2},"end":{"line":15,"column":34}},"3":{"start":{"line":18,"column":2},"end":{"line":18,"column":40}},"4":{"start":{"line":27,"column":18},"end":{"line":33,"column":1}},"5":{"start":{"line":35,"column":30},"end":{"line":58,"column":1}},"6":{"start":{"line":36,"column":21},"end":{"line":36,"column":47}},"7":{"start":{"line":37,"column":14},"end":{"line":37,"column":167}},"8":{"start":{"line":39,"column":2},"end":{"line":57,"column":3}},"9":{"start":{"line":40,"column":21},"end":{"line":40,"column":37}},"10":{"start":{"line":41,"column":17},"end":{"line":41,"column":38}},"11":{"start":{"line":43,"column":4},"end":{"line":46,"column":5}},"12":{"start":{"line":44,"column":6},"end":{"line":44,"column":57}},"13":{"start":{"line":45,"column":6},"end":{"line":45,"column":16}},"14":{"start":{"line":49,"column":25},"end":{"line":51,"column":5}},"15":{"start":{"line":50,"column":6},"end":{"line":50,"column":68}},"16":{"start":{"line":53,"column":4},"end":{"line":53,"column":24}},"17":{"start":{"line":55,"column":4},"end":{"line":55,"column":55}},"18":{"start":{"line":56,"column":4},"end":{"line":56,"column":14}},"19":{"start":{"line":60,"column":30},"end":{"line":79,"column":1}},"20":{"start":{"line":61,"column":14},"end":{"line":61,"column":124}},"21":{"start":{"line":63,"column":2},"end":{"line":78,"column":3}},"22":{"start":{"line":64,"column":21},"end":{"line":64,"column":37}},"23":{"start":{"line":65,"column":17},"end":{"line":65,"column":38}},"24":{"start":{"line":67,"column":4},"end":{"line":74,"column":5}},"25":{"start":{"line":69,"column":22},"end":{"line":69,"column":49}},"26":{"start":{"line":70,"column":6},"end":{"line":70,"column":21}},"27":{"start":{"line":72,"column":6},"end":{"line":72,"column":60}},"28":{"start":{"line":73,"column":6},"end":{"line":73,"column":18}},"29":{"start":{"line":76,"column":4},"end":{"line":76,"column":52}},"30":{"start":{"line":77,"column":4},"end":{"line":77,"column":16}},"31":{"start":{"line":81,"column":26},"end":{"line":91,"column":1}},"32":{"start":{"line":82,"column":22},"end":{"line":82,"column":47}},"33":{"start":{"line":83,"column":2},"end":{"line":90,"column":3}},"34":{"start":{"line":84,"column":34},"end":{"line":84,"column":45}},"35":{"start":{"line":87,"column":20},"end":{"line":87,"column":61}},"36":{"start":{"line":89,"column":4},"end":{"line":89,"column":55}},"37":{"start":{"line":93,"column":62},"end":{"line":174,"column":1}},"38":{"start":{"line":99,"column":24},"end":{"line":99,"column":36}},"39":{"start":{"line":100,"column":40},"end":{"line":100,"column":69}},"40":{"start":{"line":101,"column":36},"end":{"line":101,"column":51}},"41":{"start":{"line":103,"column":2},"end":{"line":134,"column":46}},"42":{"start":{"line":104,"column":36},"end":{"line":127,"column":5}},"43":{"start":{"line":105,"column":6},"end":{"line":105,"column":17}},"44":{"start":{"line":106,"column":6},"end":{"line":106,"column":27}},"45":{"start":{"line":107,"column":6},"end":{"line":107,"column":25}},"46":{"start":{"line":109,"column":6},"end":{"line":126,"column":7}},"47":{"start":{"line":110,"column":8},"end":{"line":123,"column":9}},"48":{"start":{"line":112,"column":10},"end":{"line":112,"column":65}},"49":{"start":{"line":112,"column":39},"end":{"line":112,"column":63}},"50":{"start":{"line":113,"column":42},"end":{"line":113,"column":58}},"51":{"start":{"line":114,"column":29},"end":{"line":114,"column":91}},"52":{"start":{"line":116,"column":10},"end":{"line":116,"column":65}},"53":{"start":{"line":117,"column":10},"end":{"line":117,"column":29}},"54":{"start":{"line":119,"column":10},"end":{"line":119,"column":55}},"55":{"start":{"line":120,"column":10},"end":{"line":120,"column":21}},"56":{"start":{"line":122,"column":10},"end":{"line":122,"column":30}},"57":{"start":{"line":125,"column":8},"end":{"line":125,"column":28}},"58":{"start":{"line":130,"column":22},"end":{"line":130,"column":61}},"59":{"start":{"line":133,"column":4},"end":{"line":133,"column":41}},"60":{"start":{"line":133,"column":17},"end":{"line":133,"column":40}},"61":{"start":{"line":137,"column":2},"end":{"line":143,"column":3}},"62":{"start":{"line":138,"column":4},"end":{"line":142,"column":6}},"63":{"start":{"line":145,"column":2},"end":{"line":173,"column":4}},"64":{"start":{"line":148,"column":28},"end":{"line":148,"column":53}},"65":{"start":{"line":150,"column":8},"end":{"line":170,"column":9}},"66":{"start":{"line":151,"column":40},"end":{"line":151,"column":51}},"67":{"start":{"line":153,"column":10},"end":{"line":166,"column":12}},"68":{"start":{"line":158,"column":32},"end":{"line":158,"column":68}},"69":{"start":{"line":168,"column":10},"end":{"line":168,"column":79}},"70":{"start":{"line":169,"column":10},"end":{"line":169,"column":22}}},"fnMap":{"0":{"name":"(anonymous_0)","decl":{"start":{"line":35,"column":30},"end":{"line":35,"column":31}},"loc":{"start":{"line":35,"column":87},"end":{"line":58,"column":1}},"line":35},"1":{"name":"(anonymous_1)","decl":{"start":{"line":49,"column":46},"end":{"line":49,"column":47}},"loc":{"start":{"line":50,"column":6},"end":{"line":50,"column":68}},"line":50},"2":{"name":"(anonymous_2)","decl":{"start":{"line":60,"column":30},"end":{"line":60,"column":31}},"loc":{"start":{"line":60,"column":61},"end":{"line":79,"column":1}},"line":60},"3":{"name":"(anonymous_3)","decl":{"start":{"line":81,"column":26},"end":{"line":81,"column":27}},"loc":{"start":{"line":81,"column":62},"end":{"line":91,"column":1}},"line":81},"4":{"name":"(anonymous_4)","decl":{"start":{"line":93,"column":62},"end":{"line":93,"column":63}},"loc":{"start":{"line":98,"column":6},"end":{"line":174,"column":1}},"line":98},"5":{"name":"(anonymous_5)","decl":{"start":{"line":103,"column":12},"end":{"line":103,"column":13}},"loc":{"start":{"line":103,"column":18},"end":{"line":134,"column":3}},"line":103},"6":{"name":"(anonymous_6)","decl":{"start":{"line":104,"column":36},"end":{"line":104,"column":37}},"loc":{"start":{"line":104,"column":48},"end":{"line":127,"column":5}},"line":104},"7":{"name":"(anonymous_7)","decl":{"start":{"line":112,"column":28},"end":{"line":112,"column":29}},"loc":{"start":{"line":112,"column":39},"end":{"line":112,"column":63}},"line":112},"8":{"name":"(anonymous_8)","decl":{"start":{"line":133,"column":11},"end":{"line":133,"column":12}},"loc":{"start":{"line":133,"column":17},"end":{"line":133,"column":40}},"line":133},"9":{"name":"(anonymous_9)","decl":{"start":{"line":147,"column":15},"end":{"line":147,"column":16}},"loc":{"start":{"line":147,"column":31},"end":{"line":171,"column":7}},"line":147},"10":{"name":"(anonymous_10)","decl":{"start":{"line":158,"column":26},"end":{"line":158,"column":27}},"loc":{"start":{"line":158,"column":32},"end":{"line":158,"column":68}},"line":158}},"branchMap":{"0":{"loc":{"start":{"line":35,"column":58},"end":{"line":35,"column":69}},"type":"default-arg","locations":[{"start":{"line":35,"column":67},"end":{"line":35,"column":69}}],"line":35},"1":{"loc":{"start":{"line":43,"column":4},"end":{"line":46,"column":5}},"type":"if","locations":[{"start":{"line":43,"column":4},"end":{"line":46,"column":5}},{"start":{},"end":{}}],"line":43},"2":{"loc":{"start":{"line":50,"column":6},"end":{"line":50,"column":68}},"type":"binary-expr","locations":[{"start":{"line":50,"column":6},"end":{"line":50,"column":24}},{"start":{"line":50,"column":28},"end":{"line":50,"column":68}}],"line":50},"3":{"loc":{"start":{"line":67,"column":4},"end":{"line":74,"column":5}},"type":"if","locations":[{"start":{"line":67,"column":4},"end":{"line":74,"column":5}},{"start":{"line":71,"column":11},"end":{"line":74,"column":5}}],"line":67},"4":{"loc":{"start":{"line":67,"column":8},"end":{"line":67,"column":49}},"type":"binary-expr","locations":[{"start":{"line":67,"column":8},"end":{"line":67,"column":21}},{"start":{"line":67,"column":25},"end":{"line":67,"column":49}}],"line":67},"5":{"loc":{"start":{"line":83,"column":2},"end":{"line":90,"column":3}},"type":"if","locations":[{"start":{"line":83,"column":2},"end":{"line":90,"column":3}},{"start":{},"end":{}}],"line":83},"6":{"loc":{"start":{"line":83,"column":6},"end":{"line":83,"column":60}},"type":"binary-expr","locations":[{"start":{"line":83,"column":6},"end":{"line":83,"column":32}},{"start":{"line":83,"column":36},"end":{"line":83,"column":60}}],"line":83},"7":{"loc":{"start":{"line":89,"column":24},"end":{"line":89,"column":53}},"type":"binary-expr","locations":[{"start":{"line":89,"column":24},"end":{"line":89,"column":31}},{"start":{"line":89,"column":35},"end":{"line":89,"column":53}}],"line":89},"8":{"loc":{"start":{"line":97,"column":2},"end":{"line":97,"column":13}},"type":"default-arg","locations":[{"start":{"line":97,"column":11},"end":{"line":97,"column":13}}],"line":97},"9":{"loc":{"start":{"line":109,"column":6},"end":{"line":126,"column":7}},"type":"if","locations":[{"start":{"line":109,"column":6},"end":{"line":126,"column":7}},{"start":{"line":124,"column":13},"end":{"line":126,"column":7}}],"line":109},"10":{"loc":{"start":{"line":109,"column":10},"end":{"line":109,"column":41}},"type":"binary-expr","locations":[{"start":{"line":109,"column":10},"end":{"line":109,"column":26}},{"start":{"line":109,"column":30},"end":{"line":109,"column":41}}],"line":109},"11":{"loc":{"start":{"line":116,"column":25},"end":{"line":116,"column":63}},"type":"binary-expr","locations":[{"start":{"line":116,"column":25},"end":{"line":116,"column":47}},{"start":{"line":116,"column":51},"end":{"line":116,"column":63}}],"line":116},"12":{"loc":{"start":{"line":137,"column":2},"end":{"line":143,"column":3}},"type":"if","locations":[{"start":{"line":137,"column":2},"end":{"line":143,"column":3}},{"start":{},"end":{}}],"line":137},"13":{"loc":{"start":{"line":150,"column":8},"end":{"line":170,"column":9}},"type":"if","locations":[{"start":{"line":150,"column":8},"end":{"line":170,"column":9}},{"start":{"line":167,"column":15},"end":{"line":170,"column":9}}],"line":150},"14":{"loc":{"start":{"line":150,"column":12},"end":{"line":150,"column":66}},"type":"binary-expr","locations":[{"start":{"line":150,"column":12},"end":{"line":150,"column":38}},{"start":{"line":150,"column":42},"end":{"line":150,"column":66}}],"line":150}},"s":{"0":2,"1":2,"2":2,"3":0,"4":2,"5":2,"6":4,"7":4,"8":4,"9":4,"10":3,"11":3,"12":0,"13":0,"14":3,"15":4,"16":3,"17":1,"18":1,"19":2,"20":1,"21":1,"22":1,"23":1,"24":1,"25":1,"26":1,"27":0,"28":0,"29":0,"30":0,"31":2,"32":1,"33":1,"34":1,"35":1,"36":1,"37":2,"38":28,"39":28,"40":28,"41":28,"42":6,"43":6,"44":6,"45":6,"46":6,"47":4,"48":4,"49":4,"50":4,"51":4,"52":4,"53":4,"54":0,"55":0,"56":4,"57":2,"58":6,"59":6,"60":6,"61":28,"62":12,"63":16,"64":4,"65":4,"66":4,"67":4,"68":0,"69":0,"70":0},"f":{"0":4,"1":4,"2":1,"3":1,"4":28,"5":6,"6":6,"7":4,"8":6,"9":4,"10":0},"b":{"0":[0],"1":[0,3],"2":[4,4],"3":[1,0],"4":[1,1],"5":[1,0],"6":[1,1],"7":[1,0],"8":[0],"9":[4,2],"10":[6,5],"11":[4,0],"12":[12,16],"13":[4,0],"14":[4,4]},"_coverageSchema":"1a1c01bbd47fc00a2c39e90264f33305004495a9","hash":"62c5eae7341b397df673998098669dee008d6df2"}
,"/Users/constance/Downloads/concordia_campus_navigation/src/components/Route.tsx": {"path":"/Users/constance/Downloads/concordia_campus_navigation/src/components/Route.tsx","statementMap":{"0":{"start":{"line":9,"column":28},"end":{"line":9,"column":69}},"1":{"start":{"line":12,"column":4},"end":{"line":37,"column":5}},"2":{"start":{"line":13,"column":25},"end":{"line":20,"column":10}},"3":{"start":{"line":22,"column":8},"end":{"line":33,"column":9}},"4":{"start":{"line":23,"column":27},"end":{"line":23,"column":47}},"5":{"start":{"line":24,"column":12},"end":{"line":29,"column":13}},"6":{"start":{"line":25,"column":16},"end":{"line":25,"column":30}},"7":{"start":{"line":27,"column":16},"end":{"line":27,"column":50}},"8":{"start":{"line":28,"column":16},"end":{"line":28,"column":28}},"9":{"start":{"line":31,"column":12},"end":{"line":31,"column":73}},"10":{"start":{"line":32,"column":12},"end":{"line":32,"column":24}},"11":{"start":{"line":35,"column":8},"end":{"line":35,"column":59}},"12":{"start":{"line":36,"column":8},"end":{"line":36,"column":20}}},"fnMap":{"0":{"name":"getDirections","decl":{"start":{"line":11,"column":15},"end":{"line":11,"column":28}},"loc":{"start":{"line":11,"column":106},"end":{"line":38,"column":1}},"line":11}},"branchMap":{"0":{"loc":{"start":{"line":22,"column":8},"end":{"line":33,"column":9}},"type":"if","locations":[{"start":{"line":22,"column":8},"end":{"line":33,"column":9}},{"start":{"line":30,"column":15},"end":{"line":33,"column":9}}],"line":22},"1":{"loc":{"start":{"line":24,"column":12},"end":{"line":29,"column":13}},"type":"if","locations":[{"start":{"line":24,"column":12},"end":{"line":29,"column":13}},{"start":{"line":26,"column":19},"end":{"line":29,"column":13}}],"line":24},"2":{"loc":{"start":{"line":24,"column":16},"end":{"line":24,"column":43}},"type":"binary-expr","locations":[{"start":{"line":24,"column":16},"end":{"line":24,"column":22}},{"start":{"line":24,"column":26},"end":{"line":24,"column":43}}],"line":24}},"s":{"0":1,"1":4,"2":4,"3":3,"4":2,"5":2,"6":1,"7":1,"8":1,"9":1,"10":1,"11":1,"12":1},"f":{"0":4},"b":{"0":[2,1],"1":[1,1],"2":[2,2]},"_coverageSchema":"1a1c01bbd47fc00a2c39e90264f33305004495a9","hash":"8c7747c1cfacdb9e0fa2cd2b425cb799ed8a3bb5"}
,"/Users/constance/Downloads/concordia_campus_navigation/src/components/SearchBar.tsx": {"path":"/Users/constance/Downloads/concordia_campus_navigation/src/components/SearchBar.tsx","statementMap":{"0":{"start":{"line":11,"column":53},"end":{"line":129,"column":1}},"1":{"start":{"line":21,"column":28},"end":{"line":21,"column":40}},"2":{"start":{"line":22,"column":46},"end":{"line":22,"column":74}},"3":{"start":{"line":23,"column":40},"end":{"line":23,"column":66}},"4":{"start":{"line":26,"column":2},"end":{"line":30,"column":21}},"5":{"start":{"line":27,"column":4},"end":{"line":29,"column":5}},"6":{"start":{"line":28,"column":6},"end":{"line":28,"column":38}},"7":{"start":{"line":32,"column":27},"end":{"line":52,"column":3}},"8":{"start":{"line":33,"column":4},"end":{"line":36,"column":5}},"9":{"start":{"line":34,"column":6},"end":{"line":34,"column":25}},"10":{"start":{"line":35,"column":6},"end":{"line":35,"column":13}},"11":{"start":{"line":38,"column":4},"end":{"line":51,"column":5}},"12":{"start":{"line":39,"column":23},"end":{"line":47,"column":7}},"13":{"start":{"line":48,"column":6},"end":{"line":48,"column":48}},"14":{"start":{"line":50,"column":6},"end":{"line":50,"column":58}},"15":{"start":{"line":54,"column":32},"end":{"line":82,"column":27}},"16":{"start":{"line":55,"column":26},"end":{"line":55,"column":42}},"17":{"start":{"line":56,"column":4},"end":{"line":56,"column":37}},"18":{"start":{"line":57,"column":4},"end":{"line":57,"column":17}},"19":{"start":{"line":58,"column":4},"end":{"line":58,"column":23}},"20":{"start":{"line":60,"column":4},"end":{"line":81,"column":5}},"21":{"start":{"line":61,"column":32},"end":{"line":69,"column":7}},"22":{"start":{"line":71,"column":6},"end":{"line":78,"column":7}},"23":{"start":{"line":72,"column":25},"end":{"line":72,"column":76}},"24":{"start":{"line":73,"column":23},"end":{"line":73,"column":74}},"25":{"start":{"line":74,"column":8},"end":{"line":74,"column":26}},"26":{"start":{"line":75,"column":8},"end":{"line":75,"column":40}},"27":{"start":{"line":77,"column":8},"end":{"line":77,"column":73}},"28":{"start":{"line":80,"column":6},"end":{"line":80,"column":50}},"29":{"start":{"line":84,"column":22},"end":{"line":90,"column":3}},"30":{"start":{"line":85,"column":4},"end":{"line":85,"column":26}},"31":{"start":{"line":86,"column":4},"end":{"line":86,"column":17}},"32":{"start":{"line":87,"column":4},"end":{"line":89,"column":5}},"33":{"start":{"line":88,"column":6},"end":{"line":88,"column":16}},"34":{"start":{"line":92,"column":2},"end":{"line":128,"column":4}},"35":{"start":{"line":101,"column":12},"end":{"line":101,"column":27}},"36":{"start":{"line":102,"column":12},"end":{"line":102,"column":34}},"37":{"start":{"line":103,"column":12},"end":{"line":103,"column":35}},"38":{"start":{"line":116,"column":34},"end":{"line":116,"column":47}},"39":{"start":{"line":118,"column":12},"end":{"line":123,"column":31}},"40":{"start":{"line":120,"column":29},"end":{"line":120,"column":56}}},"fnMap":{"0":{"name":"(anonymous_0)","decl":{"start":{"line":11,"column":53},"end":{"line":11,"column":54}},"loc":{"start":{"line":18,"column":6},"end":{"line":129,"column":1}},"line":18},"1":{"name":"(anonymous_1)","decl":{"start":{"line":26,"column":12},"end":{"line":26,"column":13}},"loc":{"start":{"line":26,"column":18},"end":{"line":30,"column":3}},"line":26},"2":{"name":"(anonymous_2)","decl":{"start":{"line":32,"column":27},"end":{"line":32,"column":28}},"loc":{"start":{"line":32,"column":51},"end":{"line":52,"column":3}},"line":32},"3":{"name":"(anonymous_3)","decl":{"start":{"line":54,"column":44},"end":{"line":54,"column":45}},"loc":{"start":{"line":54,"column":72},"end":{"line":82,"column":3}},"line":54},"4":{"name":"(anonymous_4)","decl":{"start":{"line":84,"column":22},"end":{"line":84,"column":23}},"loc":{"start":{"line":84,"column":28},"end":{"line":90,"column":3}},"line":84},"5":{"name":"(anonymous_5)","decl":{"start":{"line":100,"column":24},"end":{"line":100,"column":25}},"loc":{"start":{"line":100,"column":34},"end":{"line":104,"column":11}},"line":100},"6":{"name":"(anonymous_6)","decl":{"start":{"line":116,"column":24},"end":{"line":116,"column":25}},"loc":{"start":{"line":116,"column":34},"end":{"line":116,"column":47}},"line":116},"7":{"name":"(anonymous_7)","decl":{"start":{"line":117,"column":22},"end":{"line":117,"column":23}},"loc":{"start":{"line":118,"column":12},"end":{"line":123,"column":31}},"line":118},"8":{"name":"(anonymous_8)","decl":{"start":{"line":120,"column":23},"end":{"line":120,"column":24}},"loc":{"start":{"line":120,"column":29},"end":{"line":120,"column":56}},"line":120}},"branchMap":{"0":{"loc":{"start":{"line":15,"column":2},"end":{"line":15,"column":21}},"type":"default-arg","locations":[{"start":{"line":15,"column":17},"end":{"line":15,"column":21}}],"line":15},"1":{"loc":{"start":{"line":16,"column":2},"end":{"line":16,"column":25}},"type":"default-arg","locations":[{"start":{"line":16,"column":20},"end":{"line":16,"column":25}}],"line":16},"2":{"loc":{"start":{"line":22,"column":55},"end":{"line":22,"column":73}},"type":"binary-expr","locations":[{"start":{"line":22,"column":55},"end":{"line":22,"column":67}},{"start":{"line":22,"column":71},"end":{"line":22,"column":73}}],"line":22},"3":{"loc":{"start":{"line":27,"column":4},"end":{"line":29,"column":5}},"type":"if","locations":[{"start":{"line":27,"column":4},"end":{"line":29,"column":5}},{"start":{},"end":{}}],"line":27},"4":{"loc":{"start":{"line":33,"column":4},"end":{"line":36,"column":5}},"type":"if","locations":[{"start":{"line":33,"column":4},"end":{"line":36,"column":5}},{"start":{},"end":{}}],"line":33},"5":{"loc":{"start":{"line":71,"column":6},"end":{"line":78,"column":7}},"type":"if","locations":[{"start":{"line":71,"column":6},"end":{"line":78,"column":7}},{"start":{"line":76,"column":13},"end":{"line":78,"column":7}}],"line":71},"6":{"loc":{"start":{"line":87,"column":4},"end":{"line":89,"column":5}},"type":"if","locations":[{"start":{"line":87,"column":4},"end":{"line":89,"column":5}},{"start":{},"end":{}}],"line":87},"7":{"loc":{"start":{"line":99,"column":17},"end":{"line":99,"column":40}},"type":"binary-expr","locations":[{"start":{"line":99,"column":17},"end":{"line":99,"column":31}},{"start":{"line":99,"column":35},"end":{"line":99,"column":40}}],"line":99},"8":{"loc":{"start":{"line":107,"column":9},"end":{"line":111,"column":9}},"type":"binary-expr","locations":[{"start":{"line":107,"column":9},"end":{"line":107,"column":51}},{"start":{"line":108,"column":10},"end":{"line":110,"column":29}}],"line":107},"9":{"loc":{"start":{"line":107,"column":17},"end":{"line":107,"column":50}},"type":"binary-expr","locations":[{"start":{"line":107,"column":17},"end":{"line":107,"column":32}},{"start":{"line":107,"column":36},"end":{"line":107,"column":50}}],"line":107},"10":{"loc":{"start":{"line":113,"column":7},"end":{"line":126,"column":7}},"type":"binary-expr","locations":[{"start":{"line":113,"column":7},"end":{"line":113,"column":29}},{"start":{"line":114,"column":8},"end":{"line":125,"column":10}}],"line":113}},"s":{"0":1,"1":24,"2":24,"3":24,"4":24,"5":9,"6":1,"7":24,"8":7,"9":1,"10":1,"11":6,"12":6,"13":5,"14":1,"15":24,"16":3,"17":3,"18":3,"19":3,"20":3,"21":3,"22":3,"23":2,"24":2,"25":2,"26":2,"27":1,"28":0,"29":24,"30":0,"31":0,"32":0,"33":0,"34":24,"35":7,"36":7,"37":7,"38":15,"39":10,"40":3},"f":{"0":24,"1":9,"2":7,"3":3,"4":0,"5":7,"6":15,"7":10,"8":3},"b":{"0":[23],"1":[20],"2":[24,23],"3":[1,8],"4":[1,6],"5":[2,1],"6":[0,0],"7":[24,20],"8":[24,1],"9":[24,4],"10":[24,5]},"_coverageSchema":"1a1c01bbd47fc00a2c39e90264f33305004495a9","hash":"0a071f04c58558243e8acc58068d4b96f6de91b4"}
[...]
,"loc":{"start":{"line":135,"column":33},"end":{"line":199,"column":1}},"line":135},"5":{"name":"(anonymous_5)","decl":{"start":{"line":164,"column":64},"end":{"line":164,"column":65}},"loc":{"start":{"line":164,"column":81},"end":{"line":180,"column":9}},"line":164},"6":{"name":"(anonymous_6)","decl":{"start":{"line":173,"column":44},"end":{"line":173,"column":45}},"loc":{"start":{"line":173,"column":64},"end":{"line":177,"column":13}},"line":173}},"branchMap":{"0":{"loc":{"start":{"line":83,"column":19},"end":{"line":83,"column":58}},"type":"binary-expr","locations":[{"start":{"line":83,"column":19},"end":{"line":83,"column":35}},{"start":{"line":83,"column":39},"end":{"line":83,"column":58}}],"line":83},"1":{"loc":{"start":{"line":84,"column":25},"end":{"line":84,"column":51}},"type":"binary-expr","locations":[{"start":{"line":84,"column":25},"end":{"line":84,"column":45}},{"start":{"line":84,"column":49},"end":{"line":84,"column":51}}],"line":84},"2":{"loc":{"start":{"line":85,"column":29},"end":{"line":85,"column":66}},"type":"binary-expr","locations":[{"start":{"line":85,"column":29},"end":{"line":85,"column":53}},{"start":{"line":85,"column":57},"end":{"line":85,"column":66}}],"line":85},"3":{"loc":{"start":{"line":86,"column":29},"end":{"line":86,"column":66}},"type":"binary-expr","locations":[{"start":{"line":86,"column":29},"end":{"line":86,"column":53}},{"start":{"line":86,"column":57},"end":{"line":86,"column":66}}],"line":86},"4":{"loc":{"start":{"line":87,"column":22},"end":{"line":87,"column":48}},"type":"binary-expr","locations":[{"start":{"line":87,"column":22},"end":{"line":87,"column":39}},{"start":{"line":87,"column":43},"end":{"line":87,"column":48}}],"line":87},"5":{"loc":{"start":{"line":88,"column":21},"end":{"line":88,"column":46}},"type":"binary-expr","locations":[{"start":{"line":88,"column":21},"end":{"line":88,"column":37}},{"start":{"line":88,"column":41},"end":{"line":88,"column":46}}],"line":88},"6":{"loc":{"start":{"line":89,"column":24},"end":{"line":89,"column":55}},"type":"binary-expr","locations":[{"start":{"line":89,"column":24},"end":{"line":89,"column":43}},{"start":{"line":89,"column":47},"end":{"line":89,"column":55}}],"line":89},"7":{"loc":{"start":{"line":90,"column":22},"end":{"line":90,"column":48}},"type":"binary-expr","locations":[{"start":{"line":90,"column":22},"end":{"line":90,"column":39}},{"start":{"line":90,"column":43},"end":{"line":90,"column":48}}],"line":90},"8":{"loc":{"start":{"line":102,"column":56},"end":{"line":102,"column":93}},"type":"binary-expr","locations":[{"start":{"line":102,"column":56},"end":{"line":102,"column":76}},{"start":{"line":102,"column":80},"end":{"line":102,"column":93}}],"line":102},"9":{"loc":{"start":{"line":105,"column":19},"end":{"line":105,"column":56}},"type":"binary-expr","locations":[{"start":{"line":105,"column":19},"end":{"line":105,"column":39}},{"start":{"line":105,"column":43},"end":{"line":105,"column":56}}],"line":105},"10":{"loc":{"start":{"line":166,"column":19},"end":{"line":166,"column":52}},"type":"binary-expr","locations":[{"start":{"line":166,"column":19},"end":{"line":166,"column":32}},{"start":{"line":166,"column":36},"end":{"line":166,"column":52}}],"line":166},"11":{"loc":{"start":{"line":167,"column":25},"end":{"line":167,"column":48}},"type":"binary-expr","locations":[{"start":{"line":167,"column":25},"end":{"line":167,"column":42}},{"start":{"line":167,"column":46},"end":{"line":167,"column":48}}],"line":167},"12":{"loc":{"start":{"line":168,"column":22},"end":{"line":168,"column":42}},"type":"binary-expr","locations":[{"start":{"line":168,"column":22},"end":{"line":168,"column":36}},{"start":{"line":168,"column":40},"end":{"line":168,"column":42}}],"line":168},"13":{"loc":{"start":{"line":169,"column":23},"end":{"line":169,"column":71}},"type":"binary-expr","locations":[{"start":{"line":169,"column":23},"end":{"line":169,"column":44}},{"start":{"line":169,"column":48},"end":{"line":169,"column":65}},{"start":{"line":169,"column":69},"end":{"line":169,"column":71}}],"line":169},"14":{"loc":{"start":{"line":170,"column":21},"end":{"line":170,"column":65}},"type":"binary-expr","locations":[{"start":{"line":170,"column":21},"end":{"line":170,"column":40}},{"start":{"line":170,"column":44},"end":{"line":170,"column":59}},{"start":{"line":170,"column":63},"end":{"line":170,"column":65}}],"line":170},"15":{"loc":{"start":{"line":172,"column":23},"end":{"line":172,"column":51}},"type":"binary-expr","locations":[{"start":{"line":172,"column":23},"end":{"line":172,"column":45}},{"start":{"line":172,"column":49},"end":{"line":172,"column":51}}],"line":172},"16":{"loc":{"start":{"line":173,"column":23},"end":{"line":177,"column":21}},"type":"binary-expr","locations":[{"start":{"line":173,"column":23},"end":{"line":177,"column":15}},{"start":{"line":177,"column":19},"end":{"line":177,"column":21}}],"line":173},"17":{"loc":{"start":{"line":174,"column":23},"end":{"line":174,"column":43}},"type":"binary-expr","locations":[{"start":{"line":174,"column":23},"end":{"line":174,"column":37}},{"start":{"line":174,"column":41},"end":{"line":174,"column":43}}],"line":174},"18":{"loc":{"start":{"line":175,"column":22},"end":{"line":175,"column":48}},"type":"binary-expr","locations":[{"start":{"line":175,"column":22},"end":{"line":175,"column":42}},{"start":{"line":175,"column":46},"end":{"line":175,"column":48}}],"line":175},"19":{"loc":{"start":{"line":176,"column":32},"end":{"line":176,"column":72}},"type":"binary-expr","locations":[{"start":{"line":176,"column":32},"end":{"line":176,"column":55}},{"start":{"line":176,"column":59},"end":{"line":176,"column":72}}],"line":176},"20":{"loc":{"start":{"line":178,"column":20},"end":{"line":178,"column":47}},"type":"binary-expr","locations":[{"start":{"line":178,"column":20},"end":{"line":178,"column":32}},{"start":{"line":178,"column":36},"end":{"line":178,"column":47}}],"line":178},"21":{"loc":{"start":{"line":192,"column":78},"end":{"line":192,"column":115}},"type":"binary-expr","locations":[{"start":{"line":192,"column":78},"end":{"line":192,"column":98}},{"start":{"line":192,"column":102},"end":{"line":192,"column":115}}],"line":192},"22":{"loc":{"start":{"line":195,"column":19},"end":{"line":195,"column":56}},"type":"binary-expr","locations":[{"start":{"line":195,"column":19},"end":{"line":195,"column":39}},{"start":{"line":195,"column":43},"end":{"line":195,"column":56}}],"line":195}},"s":{"0":1,"1":2,"2":2,"3":2,"4":2,"5":2,"6":2,"7":1,"8":1,"9":1,"10":1,"11":1,"12":3,"13":3,"14":1,"15":2,"16":1,"17":2,"18":2,"19":1,"20":2,"21":2,"22":1,"23":1,"24":1,"25":1,"26":2,"27":2,"28":2,"29":2,"30":2,"31":2,"32":1,"33":2,"34":2,"35":1,"36":1,"37":1},"f":{"0":2,"1":3,"2":2,"3":2,"4":2,"5":2,"6":2},"b":{"0":[2,0],"1":[2,2],"2":[2,1],"3":[2,1],"4":[2,1],"5":[2,1],"6":[2,1],"7":[2,1],"8":[2,1],"9":[2,1],"10":[2,1],"11":[2,1],"12":[2,1],"13":[2,1,0],"14":[2,1,0],"15":[2,1],"16":[2,1],"17":[2,0],"18":[2,0],"19":[2,0],"20":[2,1],"21":[1,0],"22":[1,0]},"_coverageSchema":"1a1c01bbd47fc00a2c39e90264f33305004495a9","hash":"ae6f165372dae4138fdc85e15d882520c2039a23"}
,"/Users/constance/Downloads/concordia_campus_navigation/src/data/CoordsContext.tsx": {"path":"/Users/constance/Downloads/concordia_campus_navigation/src/data/CoordsContext.tsx","statementMap":{"0":{"start":{"line":4,"column":29},"end":{"line":17,"column":2}},"1":{"start":{"line":19,"column":71},"end":{"line":47,"column":1}},"2":{"start":{"line":20,"column":38},"end":{"line":20,"column":57}},"3":{"start":{"line":21,"column":52},"end":{"line":21,"column":76}},"4":{"start":{"line":22,"column":52},"end":{"line":22,"column":72}},"5":{"start":{"line":23,"column":38},"end":{"line":23,"column":62}},"6":{"start":{"line":24,"column":58},"end":{"line":24,"column":77}},"7":{"start":{"line":25,"column":52},"end":{"line":25,"column":114}},"8":{"start":{"line":27,"column":25},"end":{"line":40,"column":108}},"9":{"start":{"line":27,"column":40},"end":{"line":40,"column":7}},"10":{"start":{"line":42,"column":6},"end":{"line":46,"column":6}},"11":{"start":{"line":49,"column":25},"end":{"line":49,"column":56}},"12":{"start":{"line":49,"column":31},"end":{"line":49,"column":56}}},"fnMap":{"0":{"name":"(anonymous_0)","decl":{"start":{"line":6,"column":18},"end":{"line":6,"column":19}},"loc":{"start":{"line":6,"column":24},"end":{"line":6,"column":27}},"line":6},"1":{"name":"(anonymous_1)","decl":{"start":{"line":8,"column":25},"end":{"line":8,"column":26}},"loc":{"start":{"line":8,"column":31},"end":{"line":8,"column":34}},"line":8},"2":{"name":"(anonymous_2)","decl":{"start":{"line":10,"column":25},"end":{"line":10,"column":26}},"loc":{"start":{"line":10,"column":31},"end":{"line":10,"column":34}},"line":10},"3":{"name":"(anonymous_3)","decl":{"start":{"line":12,"column":18},"end":{"line":12,"column":19}},"loc":{"start":{"line":12,"column":24},"end":{"line":12,"column":27}},"line":12},"4":{"name":"(anonymous_4)","decl":{"start":{"line":14,"column":28},"end":{"line":14,"column":29}},"loc":{"start":{"line":14,"column":34},"end":{"line":14,"column":37}},"line":14},"5":{"name":"(anonymous_5)","decl":{"start":{"line":16,"column":25},"end":{"line":16,"column":26}},"loc":{"start":{"line":16,"column":31},"end":{"line":16,"column":34}},"line":16},"6":{"name":"(anonymous_6)","decl":{"start":{"line":19,"column":71},"end":{"line":19,"column":72}},"loc":{"start":{"line":19,"column":89},"end":{"line":47,"column":1}},"line":19},"7":{"name":"(anonymous_7)","decl":{"start":{"line":27,"column":33},"end":{"line":27,"column":34}},"loc":{"start":{"line":27,"column":40},"end":{"line":40,"column":7}},"line":27},"8":{"name":"(anonymous_8)","decl":{"start":{"line":49,"column":25},"end":{"line":49,"column":26}},"loc":{"start":{"line":49,"column":31},"end":{"line":49,"column":56}},"line":49}},"branchMap":{},"s":{"0":3,"1":3,"2":17,"3":17,"4":17,"5":17,"6":17,"7":17,"8":17,"9":17,"10":17,"11":3,"12":30},"f":{"0":0,"1":0,"2":0,"3":0,"4":0,"5":0,"6":17,"7":17,"8":30},"b":{},"_coverageSchema":"1a1c01bbd47fc00a2c39e90264f33305004495a9","hash":"cf83652803f3ab81a574ab7d40345cc0228db048"}
,"/Users/constance/Downloads/concordia_campus_navigation/src/data/IndoorContext.tsx": {"path":"/Users/constance/Downloads/concordia_campus_navigation/src/data/IndoorContext.tsx","statementMap":{"0":{"start":{"line":6,"column":29},"end":{"line":19,"column":2}},"1":{"start":{"line":21,"column":72},"end":{"line":49,"column":1}},"2":{"start":{"line":22,"column":54},"end":{"line":22,"column":78}},"3":{"start":{"line":23,"column":42},"end":{"line":23,"column":66}},"4":{"start":{"line":24,"column":44},"end":{"line":24,"column":73}},"5":{"start":{"line":25,"column":38},"end":{"line":25,"column":60}},"6":{"start":{"line":26,"column":68},"end":{"line":26,"column":108}},"7":{"start":{"line":27,"column":48},"end":{"line":27,"column":87}},"8":{"start":{"line":29,"column":25},"end":{"line":42,"column":110}},"9":{"start":{"line":29,"column":40},"end":{"line":42,"column":7}},"10":{"start":{"line":44,"column":6},"end":{"line":48,"column":6}},"11":{"start":{"line":51,"column":25},"end":{"line":51,"column":56}},"12":{"start":{"line":51,"column":31},"end":{"line":51,"column":56}}},"fnMap":{"0":{"name":"(anonymous_0)","decl":{"start":{"line":8,"column":26},"end":{"line":8,"column":27}},"loc":{"start":{"line":8,"column":32},"end":{"line":8,"column":35}},"line":8},"1":{"name":"(anonymous_1)","decl":{"start":{"line":10,"column":20},"end":{"line":10,"column":21}},"loc":{"start":{"line":10,"column":26},"end":{"line":10,"column":29}},"line":10},"2":{"name":"(anonymous_2)","decl":{"start":{"line":12,"column":21},"end":{"line":12,"column":22}},"loc":{"start":{"line":12,"column":27},"end":{"line":12,"column":30}},"line":12},"3":{"name":"(anonymous_3)","decl":{"start":{"line":14,"column":18},"end":{"line":14,"column":19}},"loc":{"start":{"line":14,"column":24},"end":{"line":14,"column":27}},"line":14},"4":{"name":"(anonymous_4)","decl":{"start":{"line":16,"column":33},"end":{"line":16,"column":34}},"loc":{"start":{"line":16,"column":39},"end":{"line":16,"column":42}},"line":16},"5":{"name":"(anonymous_5)","decl":{"start":{"line":18,"column":23},"end":{"line":18,"column":24}},"loc":{"start":{"line":18,"column":29},"end":{"line":18,"column":32}},"line":18},"6":{"name":"(anonymous_6)","decl":{"start":{"line":21,"column":72},"end":{"line":21,"column":73}},"loc":{"start":{"line":21,"column":90},"end":{"line":49,"column":1}},"line":21},"7":{"name":"(anonymous_7)","decl":{"start":{"line":29,"column":33},"end":{"line":29,"column":34}},"loc":{"start":{"line":29,"column":40},"end":{"line":42,"column":7}},"line":29},"8":{"name":"(anonymous_8)","decl":{"start":{"line":51,"column":25},"end":{"line":51,"column":26}},"loc":{"start":{"line":51,"column":31},"end":{"line":51,"column":56}},"line":51}},"branchMap":{},"s":{"0":3,"1":3,"2":17,"3":17,"4":17,"5":17,"6":17,"7":17,"8":17,"9":17,"10":17,"11":3,"12":30},"f":{"0":0,"1":0,"2":0,"3":0,"4":0,"5":0,"6":17,"7":17,"8":30},"b":{},"_coverageSchema":"1a1c01bbd47fc00a2c39e90264f33305004495a9","hash":"a328a5621dd20286ce0e5e634cab027e47294ddb"}
,"/Users/constance/Downloads/concordia_campus_navigation/src/data/buildingLocation.ts": {"path":"/Users/constance/Downloads/concordia_campus_navigation/src/data/buildingLocation.ts","statementMap":{"0":{"start":{"line":3,"column":45},"end":{"line":916,"column":1}}},"fnMap":{},"branchMap":{},"s":{"0":1},"f":{},"b":{},"_coverageSchema":"1a1c01bbd47fc00a2c39e90264f33305004495a9","hash":"e8fff1b64f98c2eef721a0d2f0429b9667c3e2e2"}
,"/Users/constance/Downloads/concordia_campus_navigation/src/resources/images/currentLocation-Icon.png": {"path":"/Users/constance/Downloads/concordia_campus_navigation/src/resources/images/currentLocation-Icon.png","statementMap":{"0":{"start":{"line":1,"column":0},"end":{"line":4,"column":6}}},"fnMap":{},"branchMap":{},"s":{"0":1},"f":{},"b":{},"_coverageSchema":"1a1c01bbd47fc00a2c39e90264f33305004495a9","hash":"a0df70487b16fc9026e81a5c067a5c771d6cbdb7"}
,"/Users/constance/Downloads/concordia_campus_navigation/src/resources/images/currentLocation-button.png": {"path":"/Users/constance/Downloads/concordia_campus_navigation/src/resources/images/currentLocation-button.png","statementMap":{"0":{"start":{"line":1,"column":0},"end":{"line":4,"column":6}}},"fnMap":{},"branchMap":{},"s":{"0":1},"f":{},"b":{},"_coverageSchema":"1a1c01bbd47fc00a2c39e90264f33305004495a9","hash":"31f22ce66ecf6270cca196b4021d3f44e5a2869e"}
,"/Users/constance/Downloads/concordia_campus_navigation/src/styles/BottomDrawerStyle.tsx": {"path":"/Users/constance/Downloads/concordia_campus_navigation/src/styles/BottomDrawerStyle.tsx","statementMap":{"0":{"start":{"line":3,"column":18},"end":{"line":3,"column":42}},"1":{"start":{"line":5,"column":33},"end":{"line":30,"column":2}}},"fnMap":{},"branchMap":{},"s":{"0":1,"1":1},"f":{},"b":{},"_coverageSchema":"1a1c01bbd47fc00a2c39e90264f33305004495a9","hash":"f66af08709fd1abba7452cc63b5bea813133d0eb"}
,"/Users/constance/Downloads/concordia_campus_navigation/src/styles/BuildingInfoStyle.tsx": {"path":"/Users/constance/Downloads/concordia_campus_navigation/src/styles/BuildingInfoStyle.tsx","statementMap":{"0":{"start":{"line":3,"column":33},"end":{"line":95,"column":2}}},"fnMap":{},"branchMap":{},"s":{"0":1},"f":{},"b":{},"_coverageSchema":"1a1c01bbd47fc00a2c39e90264f33305004495a9","hash":"a27a44a40a6fd1a9a8d86d42b14d54c0282b3d3f"}
,"/Users/constance/Downloads/concordia_campus_navigation/src/styles/DirectionsStepsStyle.tsx": {"path":"/Users/constance/Downloads/concordia_campus_navigation/src/styles/DirectionsStepsStyle.tsx","statementMap":{"0":{"start":{"line":3,"column":35},"end":{"line":44,"column":2}}},"fnMap":{},"branchMap":{},"s":{"0":1},"f":{},"b":{},"_coverageSchema":"1a1c01bbd47fc00a2c39e90264f33305004495a9","hash":"37202cfc3dc6189d5b07981aacb8e9a8b29268be"}
,"/Users/constance/Downloads/concordia_campus_navigation/src/styles/FloorSelectorStyle.tsx": {"path":"/Users/constance/Downloads/concordia_campus_navigation/src/styles/FloorSelectorStyle.tsx","statementMap":{"0":{"start":{"line":3,"column":34},"end":{"line":46,"column":2}}},"fnMap":{},"branchMap":{},"s":{"0":1},"f":{},"b":{},"_coverageSchema":"1a1c01bbd47fc00a2c39e90264f33305004495a9","hash":"fd7b745e71a9682ed58753b82b8bf06c730fe7da"}
,"/Users/constance/Downloads/concordia_campus_navigation/src/styles/IndoorViewButtonStyle.tsx": {"path":"/Users/constance/Downloads/concordia_campus_navigation/src/styles/IndoorViewButtonStyle.tsx","statementMap":{"0":{"start":{"line":3,"column":37},"end":{"line":22,"column":2}}},"fnMap":{},"branchMap":{},"s":{"0":1},"f":{},"b":{},"_coverageSchema":"1a1c01bbd47fc00a2c39e90264f33305004495a9","hash":"d5ff0a39d5636792f41db00273a50ce5d179dc65"}
,"/Users/constance/Downloads/concordia_campus_navigation/src/styles/MapComponentStyles.tsx": {"path":"/Users/constance/Downloads/concordia_campus_navigation/src/styles/MapComponentStyles.tsx","statementMap":{"0":{"start":{"line":3,"column":34},"end":{"line":59,"column":4}}},"fnMap":{},"branchMap":{},"s":{"0":1},"f":{},"b":{},"_coverageSchema":"1a1c01bbd47fc00a2c39e90264f33305004495a9","hash":"2450440ee84c0c1d1f3e4063c216d4a1424c5994"}
,"/Users/constance/Downloads/concordia_campus_navigation/src/styles/SearchBarStyle.tsx": {"path":"/Users/constance/Downloads/concordia_campus_navigation/src/styles/SearchBarStyle.tsx","statementMap":{"0":{"start":{"line":3,"column":30},"end":{"line":34,"column":4}}},"fnMap":{},"branchMap":{},"s":{"0":1},"f":{},"b":{},"_coverageSchema":"1a1c01bbd47fc00a2c39e90264f33305004495a9","hash":"480e35746e6d7e88170b006c1838e72270738a17"}
,"/Users/constance/Downloads/concordia_campus_navigation/src/styles/SearchBarsStyle.tsx": {"path":"/Users/constance/Downloads/concordia_campus_navigation/src/styles/SearchBarsStyle.tsx","statementMap":{"0":{"start":{"line":3,"column":31},"end":{"line":89,"column":2}}},"fnMap":{},"branchMap":{},"s":{"0":1},"f":{},"b":{},"_coverageSchema":"1a1c01bbd47fc00a2c39e90264f33305004495a9","hash":"50bf71fa4ff0e64c2659ecde85b0a180652545d5"}
,"/Users/constance/Downloads/concordia_campus_navigation/src/styles/ShuttleBusTransitStyle.tsx": {"path":"/Users/constance/Downloads/concordia_campus_navigation/src/styles/ShuttleBusTransitStyle.tsx","statementMap":{"0":{"start":{"line":3,"column":38},"end":{"line":57,"column":2}}},"fnMap":{},"branchMap":{},"s":{"0":1},"f":{},"b":{},"_coverageSchema":"1a1c01bbd47fc00a2c39e90264f33305004495a9","hash":"c4c93a4030c4f2047559f2f54298c33380280d54"}
,"/Users/constance/Downloads/concordia_campus_navigation/src/styles/ToggleButtonStyle.tsx": {"path":"/Users/constance/Downloads/concordia_campus_navigation/src/styles/ToggleButtonStyle.tsx","statementMap":{"0":{"start":{"line":3,"column":33},"end":{"line":46,"column":2}}},"fnMap":{},"branchMap":{},"s":{"0":1},"f":{},"b":{},"_coverageSchema":"1a1c01bbd47fc00a2c39e90264f33305004495a9","hash":"971f57403c441c6697f2da38889e8bcbaf8e9646"}
,"/Users/constance/Downloads/concordia_campus_navigation/tests/SimpleComponent.tsx": {"path":"/Users/constance/Downloads/concordia_campus_navigation/tests/SimpleComponent.tsx","statementMap":{"0":{"start":{"line":4,"column":24},"end":{"line":8,"column":1}},"1":{"start":{"line":5,"column":2},"end":{"line":7,"column":9}}},"fnMap":{"0":{"name":"(anonymous_0)","decl":{"start":{"line":4,"column":24},"end":{"line":4,"column":25}},"loc":{"start":{"line":5,"column":2},"end":{"line":7,"column":9}},"line":5}},"branchMap":{},"s":{"0":1,"1":1},"f":{"0":1},"b":{},"_coverageSchema":"1a1c01bbd47fc00a2c39e90264f33305004495a9","hash":"1074c11404a3aa41695ac86f02217ccae3f79459"}
,"/Users/constance/Downloads/concordia_campus_navigation/tests/mock-env.ts": {"path":"/Users/constance/Downloads/concordia_campus_navigation/tests/mock-env.ts","statementMap":{"0":{"start":{"line":2,"column":0},"end":{"line":4,"column":4}}},"fnMap":{},"branchMap":{},"s":{"0":1},"f":{},"b":{},"_coverageSchema":"1a1c01bbd47fc00a2c39e90264f33305004495a9","hash":"8813c3aa3ee672899219e883470a0d8d35a21f4c"}
}
