{"/Users/constance/Downloads/concordia_campus_navigation/src/components/CalendarButton.tsx": {"path":"/Users/constance/Downloads/concordia_campus_navigation/src/components/CalendarButton.tsx","statementMap":{"0":{"start":{"line":9,"column":23},"end":{"line":24,"column":1}},"1":{"start":{"line":10,"column":21},"end":{"line":10,"column":77}},"2":{"start":{"line":12,"column":23},"end":{"line":15,"column":3}},"3":{"start":{"line":14,"column":4},"end":{"line":14,"column":36}},"4":{"start":{"line":17,"column":2},"end":{"line":23,"column":4}}},"fnMap":{"0":{"name":"(anonymous_0)","decl":{"start":{"line":9,"column":23},"end":{"line":9,"column":24}},"loc":{"start":{"line":9,"column":29},"end":{"line":24,"column":1}},"line":9},"1":{"name":"(anonymous_1)","decl":{"start":{"line":12,"column":23},"end":{"line":12,"column":24}},"loc":{"start":{"line":12,"column":29},"end":{"line":15,"column":3}},"line":12}},"branchMap":{},"s":{"0":1,"1":4,"2":4,"3":1,"4":4},"f":{"0":4,"1":1},"b":{},"_coverageSchema":"1a1c01bbd47fc00a2c39e90264f33305004495a9","hash":"0d35d2764fa1539c0da9df66e93c6104e2593b97"}
}
