{"/Users/constance/Downloads/concordia_campus_navigation/src/components/Map.tsx": {"path":"/Users/constance/Downloads/concordia_campus_navigation/src/components/Map.tsx","statementMap":{"0":{"start":{"line":20,"column":0},"end":{"line":20,"column":36}},"1":{"start":{"line":23,"column":81},"end":{"line":23,"column":92}},"2":{"start":{"line":25,"column":20},"end":{"line":28,"column":3}},"3":{"start":{"line":30,"column":23},"end":{"line":33,"column":3}},"4":{"start":{"line":35,"column":20},"end":{"line":35,"column":47}},"5":{"start":{"line":36,"column":38},"end":{"line":36,"column":100}},"6":{"start":{"line":37,"column":17},"end":{"line":37,"column":52}},"7":{"start":{"line":38,"column":44},"end":{"line":38,"column":63}},"8":{"start":{"line":39,"column":36},"end":{"line":39,"column":51}},"9":{"start":{"line":40,"column":40},"end":{"line":40,"column":51}},"10":{"start":{"line":42,"column":50},"end":{"line":42,"column":65}},"11":{"start":{"line":44,"column":50},"end":{"line":44,"column":89}},"12":{"start":{"line":46,"column":2},"end":{"line":46,"column":36}},"13":{"start":{"line":48,"column":22},"end":{"line":51,"column":3}},"14":{"start":{"line":49,"column":4},"end":{"line":49,"column":34}},"15":{"start":{"line":50,"column":4},"end":{"line":50,"column":30}},"16":{"start":{"line":53,"column":23},"end":{"line":55,"column":3}},"17":{"start":{"line":54,"column":4},"end":{"line":54,"column":31}},"18":{"start":{"line":56,"column":48},"end":{"line":56,"column":70}},"19":{"start":{"line":59,"column":2},"end":{"line":65,"column":40}},"20":{"start":{"line":60,"column":4},"end":{"line":64,"column":5}},"21":{"start":{"line":61,"column":38},"end":{"line":61,"column":48}},"22":{"start":{"line":62,"column":29},"end":{"line":62,"column":55}},"23":{"start":{"line":63,"column":6},"end":{"line":63,"column":42}},"24":{"start":{"line":67,"column":2},"end":{"line":123,"column":25}},"25":{"start":{"line":70,"column":4},"end":{"line":85,"column":5}},"26":{"start":{"line":71,"column":6},"end":{"line":81,"column":7}},"27":{"start":{"line":72,"column":23},"end":{"line":72,"column":84}},"28":{"start":{"line":73,"column":24},"end":{"line":73,"column":87}},"29":{"start":{"line":73,"column":52},"end":{"line":73,"column":85}},"30":{"start":{"line":74,"column":29},"end":{"line":74,"column":109}},"31":{"start":{"line":74,"column":51},"end":{"line":74,"column":107}},"32":{"start":{"line":75,"column":8},"end":{"line":75,"column":41}},"33":{"start":{"line":78,"column":8},"end":{"line":78,"column":68}},"34":{"start":{"line":79,"column":8},"end":{"line":79,"column":31}},"35":{"start":{"line":83,"column":6},"end":{"line":83,"column":29}},"36":{"start":{"line":88,"column":18},"end":{"line":99,"column":12}},"37":{"start":{"line":89,"column":6},"end":{"line":98,"column":7}},"38":{"start":{"line":90,"column":8},"end":{"line":95,"column":11}},"39":{"start":{"line":97,"column":8},"end":{"line":97,"column":62}},"40":{"start":{"line":101,"column":4},"end":{"line":101,"column":19}},"41":{"start":{"line":103,"column":33},"end":{"line":113,"column":5}},"42":{"start":{"line":110,"column":8},"end":{"line":110,"column":63}},"43":{"start":{"line":111,"column":8},"end":{"line":111,"column":39}},"44":{"start":{"line":115,"column":4},"end":{"line":122,"column":5}},"45":{"start":{"line":116,"column":6},"end":{"line":116,"column":26}},"46":{"start":{"line":117,"column":6},"end":{"line":121,"column":9}},"47":{"start":{"line":118,"column":8},"end":{"line":118,"column":30}},"48":{"start":{"line":120,"column":8},"end":{"line":120,"column":74}},"49":{"start":{"line":126,"column":2},"end":{"line":128,"column":19}},"50":{"start":{"line":127,"column":4},"end":{"line":127,"column":39}},"51":{"start":{"line":127,"column":29},"end":{"line":127,"column":37}},"52":{"start":{"line":130,"column":23},"end":{"line":145,"column":3}},"53":{"start":{"line":131,"column":4},"end":{"line":144,"column":5}},"54":{"start":{"line":132,"column":23},"end":{"line":132,"column":73}},"55":{"start":{"line":134,"column":6},"end":{"line":137,"column":7}},"56":{"start":{"line":135,"column":8},"end":{"line":135,"column":65}},"57":{"start":{"line":136,"column":8},"end":{"line":136,"column":15}},"58":{"start":{"line":139,"column":21},"end":{"line":139,"column":63}},"59":{"start":{"line":140,"column":6},"end":{"line":140,"column":62}},"60":{"start":{"line":141,"column":6},"end":{"line":141,"column":37}},"61":{"start":{"line":143,"column":6},"end":{"line":143,"column":51}},"62":{"start":{"line":147,"column":26},"end":{"line":159,"column":3}},"63":{"start":{"line":148,"column":4},"end":{"line":151,"column":5}},"64":{"start":{"line":149,"column":6},"end":{"line":149,"column":67}},"65":{"start":{"line":150,"column":6},"end":{"line":150,"column":13}},"66":{"start":{"line":153,"column":4},"end":{"line":158,"column":7}},"67":{"start":{"line":161,"column":29},"end":{"line":175,"column":3}},"68":{"start":{"line":162,"column":19},"end":{"line":162,"column":51}},"69":{"start":{"line":163,"column":4},"end":{"line":163,"column":29}},"70":{"start":{"line":165,"column":4},"end":{"line":174,"column":5}},"71":{"start":{"line":166,"column":6},"end":{"line":171,"column":9}},"72":{"start":{"line":173,"column":6},"end":{"line":173,"column":43}},"73":{"start":{"line":178,"column":2},"end":{"line":292,"column":4}},"74":{"start":{"line":188,"column":37},"end":{"line":188,"column":55}},"75":{"start":{"line":192,"column":26},"end":{"line":192,"column":50}},"76":{"start":{"line":198,"column":10},"end":{"line":209,"column":35}},"77":{"start":{"line":203,"column":32},"end":{"line":203,"column":54}},"78":{"start":{"line":235,"column":59},"end":{"line":235,"column":92}},"79":{"start":{"line":295,"column":15},"end":{"line":351,"column":2}}},"fnMap":{"0":{"name":"Map","decl":{"start":{"line":22,"column":24},"end":{"line":22,"column":27}},"loc":{"start":{"line":22,"column":90},"end":{"line":293,"column":1}},"line":22},"1":{"name":"(anonymous_1)","decl":{"start":{"line":48,"column":22},"end":{"line":48,"column":23}},"loc":{"start":{"line":48,"column":54},"end":{"line":51,"column":3}},"line":48},"2":{"name":"(anonymous_2)","decl":{"start":{"line":53,"column":23},"end":{"line":53,"column":24}},"loc":{"start":{"line":53,"column":29},"end":{"line":55,"column":3}},"line":53},"3":{"name":"(anonymous_3)","decl":{"start":{"line":59,"column":12},"end":{"line":59,"column":13}},"loc":{"start":{"line":59,"column":18},"end":{"line":65,"column":3}},"line":59},"4":{"name":"(anonymous_4)","decl":{"start":{"line":67,"column":12},"end":{"line":67,"column":13}},"loc":{"start":{"line":67,"column":18},"end":{"line":123,"column":3}},"line":67},"5":{"name":"(anonymous_5)","decl":{"start":{"line":73,"column":35},"end":{"line":73,"column":36}},"loc":{"start":{"line":73,"column":52},"end":{"line":73,"column":85}},"line":73},"6":{"name":"(anonymous_6)","decl":{"start":{"line":74,"column":41},"end":{"line":74,"column":42}},"loc":{"start":{"line":74,"column":51},"end":{"line":74,"column":107}},"line":74},"7":{"name":"(anonymous_7)","decl":{"start":{"line":88,"column":29},"end":{"line":88,"column":30}},"loc":{"start":{"line":88,"column":35},"end":{"line":99,"column":5}},"line":88},"8":{"name":"(anonymous_8)","decl":{"start":{"line":109,"column":6},"end":{"line":109,"column":7}},"loc":{"start":{"line":109,"column":20},"end":{"line":112,"column":7}},"line":109},"9":{"name":"(anonymous_9)","decl":{"start":{"line":115,"column":11},"end":{"line":115,"column":12}},"loc":{"start":{"line":115,"column":17},"end":{"line":122,"column":5}},"line":115},"10":{"name":"(anonymous_10)","decl":{"start":{"line":117,"column":32},"end":{"line":117,"column":33}},"loc":{"start":{"line":117,"column":50},"end":{"line":119,"column":7}},"line":117},"11":{"name":"(anonymous_11)","decl":{"start":{"line":119,"column":15},"end":{"line":119,"column":16}},"loc":{"start":{"line":119,"column":26},"end":{"line":121,"column":7}},"line":119},"12":{"name":"(anonymous_12)","decl":{"start":{"line":126,"column":12},"end":{"line":126,"column":13}},"loc":{"start":{"line":126,"column":18},"end":{"line":128,"column":3}},"line":126},"13":{"name":"(anonymous_13)","decl":{"start":{"line":127,"column":19},"end":{"line":127,"column":20}},"loc":{"start":{"line":127,"column":29},"end":{"line":127,"column":37}},"line":127},"14":{"name":"(anonymous_14)","decl":{"start":{"line":130,"column":23},"end":{"line":130,"column":24}},"loc":{"start":{"line":130,"column":35},"end":{"line":145,"column":3}},"line":130},"15":{"name":"(anonymous_15)","decl":{"start":{"line":147,"column":26},"end":{"line":147,"column":27}},"loc":{"start":{"line":147,"column":32},"end":{"line":159,"column":3}},"line":147},"16":{"name":"(anonymous_16)","decl":{"start":{"line":161,"column":29},"end":{"line":161,"column":30}},"loc":{"start":{"line":161,"column":49},"end":{"line":175,"column":3}},"line":161},"17":{"name":"(anonymous_17)","decl":{"start":{"line":188,"column":31},"end":{"line":188,"column":32}},"loc":{"start":{"line":188,"column":37},"end":{"line":188,"column":55}},"line":188},"18":{"name":"(anonymous_18)","decl":{"start":{"line":192,"column":15},"end":{"line":192,"column":16}},"loc":{"start":{"line":192,"column":24},"end":{"line":192,"column":52}},"line":192},"19":{"name":"(anonymous_19)","decl":{"start":{"line":197,"column":23},"end":{"line":197,"column":24}},"loc":{"start":{"line":198,"column":10},"end":{"line":209,"column":35}},"line":198},"20":{"name":"(anonymous_20)","decl":{"start":{"line":203,"column":24},"end":{"line":203,"column":25}},"loc":{"start":{"line":203,"column":30},"end":{"line":203,"column":56}},"line":203},"21":{"name":"(anonymous_21)","decl":{"start":{"line":235,"column":50},"end":{"line":235,"column":51}},"loc":{"start":{"line":235,"column":59},"end":{"line":235,"column":92}},"line":235}},"branchMap":{"0":{"loc":{"start":{"line":60,"column":4},"end":{"line":64,"column":5}},"type":"if","locations":[{"start":{"line":60,"column":4},"end":{"line":64,"column":5}},{"start":{},"end":{}}],"line":60},"1":{"loc":{"start":{"line":70,"column":4},"end":{"line":85,"column":5}},"type":"if","locations":[{"start":{"line":70,"column":4},"end":{"line":85,"column":5}},{"start":{"line":82,"column":11},"end":{"line":85,"column":5}}],"line":70},"2":{"loc":{"start":{"line":70,"column":8},"end":{"line":70,"column":55}},"type":"binary-expr","locations":[{"start":{"line":70,"column":8},"end":{"line":70,"column":24}},{"start":{"line":70,"column":28},"end":{"line":70,"column":55}}],"line":70},"3":{"loc":{"start":{"line":89,"column":6},"end":{"line":98,"column":7}},"type":"if","locations":[{"start":{"line":89,"column":6},"end":{"line":98,"column":7}},{"start":{"line":96,"column":13},"end":{"line":98,"column":7}}],"line":89},"4":{"loc":{"start":{"line":134,"column":6},"end":{"line":137,"column":7}},"type":"if","locations":[{"start":{"line":134,"column":6},"end":{"line":137,"column":7}},{"start":{},"end":{}}],"line":134},"5":{"loc":{"start":{"line":148,"column":4},"end":{"line":151,"column":5}},"type":"if","locations":[{"start":{"line":148,"column":4},"end":{"line":151,"column":5}},{"start":{},"end":{}}],"line":148},"6":{"loc":{"start":{"line":148,"column":8},"end":{"line":148,"column":55}},"type":"binary-expr","locations":[{"start":{"line":148,"column":8},"end":{"line":148,"column":19}},{"start":{"line":148,"column":23},"end":{"line":148,"column":41}},{"start":{"line":148,"column":45},"end":{"line":148,"column":55}}],"line":148},"7":{"loc":{"start":{"line":162,"column":19},"end":{"line":162,"column":51}},"type":"cond-expr","locations":[{"start":{"line":162,"column":27},"end":{"line":162,"column":36}},{"start":{"line":162,"column":39},"end":{"line":162,"column":51}}],"line":162},"8":{"loc":{"start":{"line":165,"column":4},"end":{"line":174,"column":5}},"type":"if","locations":[{"start":{"line":165,"column":4},"end":{"line":174,"column":5}},{"start":{"line":172,"column":11},"end":{"line":174,"column":5}}],"line":165},"9":{"loc":{"start":{"line":165,"column":8},"end":{"line":165,"column":38}},"type":"binary-expr","locations":[{"start":{"line":165,"column":8},"end":{"line":165,"column":17}},{"start":{"line":165,"column":21},"end":{"line":165,"column":38}}],"line":165},"10":{"loc":{"start":{"line":190,"column":44},"end":{"line":190,"column":107}},"type":"cond-expr","locations":[{"start":{"line":190,"column":57},"end":{"line":190,"column":100}},{"start":{"line":190,"column":103},"end":{"line":190,"column":107}}],"line":190},"11":{"loc":{"start":{"line":212,"column":9},"end":{"line":223,"column":9}},"type":"binary-expr","locations":[{"start":{"line":212,"column":9},"end":{"line":212,"column":19}},{"start":{"line":213,"column":10},"end":{"line":222,"column":28}}],"line":212},"12":{"loc":{"start":{"line":225,"column":1},"end":{"line":259,"column":9}},"type":"binary-expr","locations":[{"start":{"line":225,"column":1},"end":{"line":225,"column":27}},{"start":{"line":226,"column":8},"end":{"line":258,"column":31}}],"line":225}},"s":{"0":1,"1":5,"2":5,"3":5,"4":5,"5":5,"6":5,"7":5,"8":5,"9":5,"10":5,"11":5,"12":5,"13":5,"14":0,"15":0,"16":5,"17":0,"18":5,"19":5,"20":3,"21":2,"22":2,"23":2,"24":5,"25":1,"26":0,"27":0,"28":0,"29":0,"30":0,"31":0,"32":0,"33":0,"34":0,"35":1,"36":1,"37":1,"38":1,"39":0,"40":1,"41":1,"42":1,"43":1,"44":1,"45":1,"46":1,"47":1,"48":0,"49":5,"50":3,"51":3,"52":5,"53":1,"54":1,"55":1,"56":0,"57":0,"58":1,"59":1,"60":1,"61":0,"62":5,"63":0,"64":0,"65":0,"66":0,"67":5,"68":0,"69":0,"70":0,"71":0,"72":0,"73":5,"74":1,"75":1,"76":300,"77":0,"78":0,"79":1},"f":{"0":5,"1":0,"2":0,"3":3,"4":1,"5":0,"6":0,"7":1,"8":1,"9":1,"10":1,"11":0,"12":3,"13":3,"14":1,"15":0,"16":0,"17":1,"18":1,"19":300,"20":0,"21":0},"b":{"0":[2,1],"1":[0,1],"2":[1,1],"3":[1,0],"4":[0,1],"5":[0,0],"6":[0,0,0],"7":[0,0],"8":[0,0],"9":[0,0],"10":[4,1],"11":[5,4],"12":[5,0]},"_coverageSchema":"1a1c01bbd47fc00a2c39e90264f33305004495a9","hash":"c37998f125b86fe53840acaaf20626bb44ad4578"}
,"/Users/constance/Downloads/concordia_campus_navigation/src/data/buildingLocation.ts": {"path":"/Users/constance/Downloads/concordia_campus_navigation/src/data/buildingLocation.ts","statementMap":{"0":{"start":{"line":3,"column":45},"end":{"line":916,"column":1}}},"fnMap":{},"branchMap":{},"s":{"0":1},"f":{},"b":{},"_coverageSchema":"1a1c01bbd47fc00a2c39e90264f33305004495a9","hash":"e8fff1b64f98c2eef721a0d2f0429b9667c3e2e2"}
,"/Users/constance/Downloads/concordia_campus_navigation/src/resources/images/currentLocation-Icon.png": {"path":"/Users/constance/Downloads/concordia_campus_navigation/src/resources/images/currentLocation-Icon.png","statementMap":{"0":{"start":{"line":1,"column":0},"end":{"line":4,"column":6}}},"fnMap":{},"branchMap":{},"s":{"0":1},"f":{},"b":{},"_coverageSchema":"1a1c01bbd47fc00a2c39e90264f33305004495a9","hash":"a0df70487b16fc9026e81a5c067a5c771d6cbdb7"}
,"/Users/constance/Downloads/concordia_campus_navigation/src/resources/images/currentLocation-button.png": {"path":"/Users/constance/Downloads/concordia_campus_navigation/src/resources/images/currentLocation-button.png","statementMap":{"0":{"start":{"line":1,"column":0},"end":{"line":4,"column":6}}},"fnMap":{},"branchMap":{},"s":{"0":1},"f":{},"b":{},"_coverageSchema":"1a1c01bbd47fc00a2c39e90264f33305004495a9","hash":"31f22ce66ecf6270cca196b4021d3f44e5a2869e"}
}
