TN:
SF:src/components/BottomDrawer.tsx
FN:19,BottomDrawer
FN:31,(anonymous_1)
FN:32,(anonymous_2)
FN:36,(anonymous_3)
FN:39,(anonymous_4)
FN:65,(anonymous_5)
FN:93,(anonymous_6)
FN:122,(anonymous_7)
FNF:8
FNH:0
FNDA:0,BottomDrawer
FNDA:0,(anonymous_1)
FNDA:0,(anonymous_2)
FNDA:0,(anonymous_3)
FNDA:0,(anonymous_4)
FNDA:0,(anonymous_5)
FNDA:0,(anonymous_6)
FNDA:0,(anonymous_7)
DA:13,1
DA:14,1
DA:15,1
DA:16,1
DA:17,1
DA:26,0
DA:29,0
DA:31,0
DA:32,0
DA:33,0
DA:36,0
DA:39,0
DA:40,0
DA:43,0
DA:45,0
DA:46,0
DA:48,0
DA:49,0
DA:51,0
DA:52,0
DA:54,0
DA:57,0
DA:65,0
DA:71,0
DA:73,0
DA:74,0
DA:76,0
DA:77,0
DA:79,0
DA:80,0
DA:82,0
DA:85,0
DA:90,0
DA:93,0
DA:97,0
DA:98,0
DA:99,0
DA:101,0
DA:102,0
DA:103,0
DA:104,0
DA:105,0
DA:106,0
DA:107,0
DA:108,0
DA:110,0
DA:111,0
DA:112,0
DA:113,0
DA:115,0
DA:120,0
DA:122,0
DA:128,0
LF:53
LH:5
BRDA:43,0,0,0
BRDA:43,0,1,0
BRDA:43,0,2,0
BRDA:43,0,3,0
BRDA:71,1,0,0
BRDA:71,1,1,0
BRDA:71,1,2,0
BRDA:71,1,3,0
BRDA:101,2,0,0
BRDA:101,2,1,0
BRDA:102,3,0,0
BRDA:102,3,1,0
BRDA:103,4,0,0
BRDA:103,4,1,0
BRDA:105,5,0,0
BRDA:105,5,1,0
BRDA:106,6,0,0
BRDA:106,6,1,0
BRDA:107,7,0,0
BRDA:107,7,1,0
BRDA:110,8,0,0
BRDA:110,8,1,0
BRDA:112,9,0,0
BRDA:112,9,1,0
BRF:24
BRH:0
end_of_record
TN:
SF:src/components/BuildingCoordinates.tsx
FN:8,(anonymous_0)
FN:14,(anonymous_1)
FN:31,(anonymous_2)
FN:41,(anonymous_3)
FN:45,(anonymous_4)
FN:52,(anonymous_5)
FN:54,(anonymous_6)
FNF:7
FNH:7
FNDA:18,(anonymous_0)
FNDA:15,(anonymous_1)
FNDA:2,(anonymous_2)
FNDA:7,(anonymous_3)
FNDA:7,(anonymous_4)
FNDA:7,(anonymous_5)
FNDA:11,(anonymous_6)
DA:8,1
DA:9,18
DA:11,2
DA:14,16
DA:15,15
DA:16,0
DA:17,0
DA:20,15
DA:21,15
DA:23,15
DA:24,7
DA:27,8
DA:31,1
DA:32,2
DA:41,1
DA:42,7
DA:43,7
DA:45,7
DA:46,7
DA:47,6
DA:48,6
DA:52,7
DA:53,7
DA:54,6
DA:55,11
DA:56,0
DA:57,0
DA:60,11
DA:61,11
DA:66,6
DA:67,6
DA:71,7
DA:72,1
DA:75,6
LF:34
LH:30
BRDA:9,0,0,2
BRDA:9,0,1,16
BRDA:9,1,0,18
BRDA:9,1,1,16
BRDA:15,2,0,0
BRDA:15,2,1,15
BRDA:15,3,0,15
BRDA:15,3,1,15
BRDA:15,3,2,15
BRDA:23,4,0,7
BRDA:23,4,1,8
BRDA:23,5,0,15
BRDA:23,5,1,8
BRDA:46,6,0,1
BRDA:46,6,1,6
BRDA:53,7,0,6
BRDA:53,7,1,1
BRDA:55,8,0,0
BRDA:55,8,1,11
BRDA:55,9,0,11
BRDA:55,9,1,11
BRDA:71,10,0,1
BRDA:71,10,1,6
BRDA:77,11,0,6
BRDA:77,11,1,5
BRDA:98,12,0,5
BRDA:98,12,1,1
BRF:27
BRH:25
end_of_record
TN:
SF:src/components/BuildingInformation.tsx
FN:15,(anonymous_0)
FN:29,(anonymous_1)
FN:64,(anonymous_2)
FN:74,(anonymous_3)
FNF:4
FNH:4
FNDA:7,(anonymous_0)
FNDA:1,(anonymous_1)
FNDA:10,(anonymous_2)
FNDA:10,(anonymous_3)
DA:15,1
DA:16,7
DA:17,7
DA:20,7
DA:30,1
DA:31,1
DA:65,10
DA:75,10
LF:8
LH:8
BRDA:16,0,0,7
BRDA:16,0,1,1
BRDA:17,1,0,7
BRDA:17,1,1,1
BRDA:30,2,0,1
BRDA:30,2,1,0
BRDA:44,3,0,7
BRDA:44,3,1,5
BRDA:50,4,0,7
BRDA:50,4,1,6
BRDA:56,5,0,7
BRDA:56,5,1,6
BRDA:61,6,0,7
BRDA:61,6,1,5
BRDA:61,6,2,5
BRDA:71,7,0,7
BRDA:71,7,1,5
BRDA:71,7,2,5
BRF:18
BRH:17
end_of_record
TN:
SF:src/components/CalendarButton.tsx
FN:9,(anonymous_0)
FN:12,(anonymous_1)
FNF:2
FNH:2
FNDA:4,(anonymous_0)
FNDA:1,(anonymous_1)
DA:9,1
DA:10,4
DA:12,4
DA:14,1
DA:17,4
LF:5
LH:5
BRF:0
BRH:0
end_of_record
TN:
SF:src/components/DirectionsSteps.tsx
FN:13,(anonymous_0)
FN:18,(anonymous_1)
FN:21,(anonymous_2)
FN:25,(anonymous_3)
FN:27,(anonymous_4)
FN:50,(anonymous_5)
FNF:6
FNH:6
FNDA:18,(anonymous_0)
FNDA:9,(anonymous_1)
FNDA:29,(anonymous_2)
FNDA:29,(anonymous_3)
FNDA:9,(anonymous_4)
FNDA:42,(anonymous_5)
DA:13,1
DA:15,18
DA:16,18
DA:18,18
DA:20,9
DA:21,29
DA:23,8
DA:24,8
DA:25,29
DA:26,8
DA:27,29
DA:28,9
DA:29,29
DA:30,24
DA:32,5
DA:33,5
DA:36,8
DA:37,3
DA:39,5
DA:43,1
DA:46,18
DA:52,42
DA:68,42
LF:23
LH:23
BRDA:20,0,0,8
BRDA:20,0,1,1
BRDA:20,1,0,9
BRDA:20,1,1,9
BRDA:29,2,0,24
BRDA:29,2,1,5
BRDA:36,3,0,3
BRDA:36,3,1,5
BRDA:49,4,0,18
BRDA:49,4,1,9
BRDA:52,5,0,4
BRDA:52,5,1,38
BRDA:53,6,0,4
BRDA:53,6,1,34
BRDA:54,7,0,0
BRDA:54,7,1,34
BRDA:55,8,0,7
BRDA:55,8,1,27
BRDA:56,9,0,4
BRDA:56,9,1,23
BRDA:57,10,0,1
BRDA:57,10,1,22
BRDA:58,11,0,4
BRDA:58,11,1,18
BRDA:59,12,0,1
BRDA:59,12,1,17
BRDA:60,13,0,0
BRDA:60,13,1,17
BRDA:61,14,0,1
BRDA:61,14,1,16
BRDA:62,15,0,1
BRDA:62,15,1,15
BRDA:63,16,0,1
BRDA:63,16,1,14
BRDA:64,17,0,1
BRDA:64,17,1,13
BRDA:65,18,0,1
BRDA:65,18,1,12
BRDA:66,19,0,3
BRDA:66,19,1,9
BRDA:72,20,0,42
BRDA:72,20,1,33
BRF:42
BRH:40
end_of_record
TN:
SF:src/components/MapComponent.tsx
FN:29,MapComponent
FN:61,(anonymous_1)
FN:66,(anonymous_2)
FN:71,(anonymous_3)
FN:79,(anonymous_4)
FN:85,(anonymous_5)
FN:89,(anonymous_6)
FN:103,(anonymous_7)
FN:124,(anonymous_8)
FN:130,(anonymous_9)
FN:133,(anonymous_10)
FN:136,(anonymous_11)
FN:143,(anonymous_12)
FN:144,(anonymous_13)
FN:147,(anonymous_14)
FN:164,(anonymous_15)
FN:178,(anonymous_16)
FN:204,(anonymous_17)
FN:209,(anonymous_18)
FN:216,(anonymous_19)
FN:222,(anonymous_20)
FN:255,(anonymous_21)
FNF:22
FNH:13
FNDA:15,MapComponent
FNDA:0,(anonymous_1)
FNDA:0,(anonymous_2)
FNDA:5,(anonymous_3)
FNDA:5,(anonymous_4)
FNDA:2,(anonymous_5)
FNDA:2,(anonymous_6)
FNDA:0,(anonymous_7)
FNDA:0,(anonymous_8)
FNDA:5,(anonymous_9)
FNDA:5,(anonymous_10)
FNDA:0,(anonymous_11)
FNDA:5,(anonymous_12)
FNDA:5,(anonymous_13)
FNDA:5,(anonymous_14)
FNDA:0,(anonymous_15)
FNDA:0,(anonymous_16)
FNDA:12,(anonymous_17)
FNDA:0,(anonymous_18)
FNDA:900,(anonymous_19)
FNDA:0,(anonymous_20)
FNDA:2,(anonymous_21)
DA:27,1
DA:41,15
DA:42,15
DA:44,15
DA:49,15
DA:54,15
DA:55,15
DA:56,15
DA:57,15
DA:58,15
DA:59,15
DA:61,15
DA:62,0
DA:63,0
DA:66,15
DA:67,0
DA:69,15
DA:71,15
DA:72,5
DA:73,1
DA:74,1
DA:75,1
DA:79,15
DA:80,5
DA:81,1
DA:82,1
DA:85,2
DA:89,2
DA:93,1
DA:95,0
DA:96,0
DA:99,4
DA:103,5
DA:104,0
DA:105,0
DA:112,0
DA:116,5
DA:118,5
DA:125,0
DA:126,0
DA:130,5
DA:131,5
DA:132,5
DA:134,5
DA:137,0
DA:143,15
DA:144,5
DA:147,15
DA:148,5
DA:149,5
DA:151,5
DA:152,1
DA:153,1
DA:156,4
DA:157,4
DA:158,4
DA:160,0
DA:164,15
DA:165,0
DA:166,0
DA:167,0
DA:170,0
DA:178,15
DA:179,0
DA:181,0
DA:182,0
DA:189,0
DA:193,15
DA:204,12
DA:210,0
DA:217,900
DA:223,0
DA:255,2
LF:73
LH:51
BRDA:72,0,0,1
BRDA:72,0,1,4
BRDA:80,1,0,1
BRDA:80,1,1,4
BRDA:80,2,0,5
BRDA:80,2,1,5
BRDA:104,3,0,0
BRDA:104,3,1,0
BRDA:151,4,0,1
BRDA:151,4,1,4
BRDA:165,5,0,0
BRDA:165,5,1,0
BRDA:165,6,0,0
BRDA:165,6,1,0
BRDA:165,6,2,0
BRDA:179,7,0,0
BRDA:179,7,1,0
BRDA:181,8,0,0
BRDA:181,8,1,0
BRDA:181,9,0,0
BRDA:181,9,1,0
BRDA:232,10,0,15
BRDA:232,10,1,1
BRDA:245,11,0,15
BRDA:245,11,1,1
BRDA:316,12,0,15
BRDA:316,12,1,15
BRF:27
BRH:14
end_of_record
TN:
SF:src/components/Route.tsx
FN:11,getDirections
FNF:1
FNH:1
FNDA:4,getDirections
DA:9,1
DA:12,4
DA:13,4
DA:22,3
DA:23,2
DA:24,2
DA:25,1
DA:27,1
DA:28,1
DA:31,1
DA:32,1
DA:35,1
DA:36,1
LF:13
LH:13
BRDA:22,0,0,2
BRDA:22,0,1,1
BRDA:24,1,0,1
BRDA:24,1,1,1
BRDA:24,2,0,2
BRDA:24,2,1,2
BRF:6
BRH:6
end_of_record
TN:
SF:src/components/SearchBar.tsx
FN:11,(anonymous_0)
FN:26,(anonymous_1)
FN:32,(anonymous_2)
FN:54,(anonymous_3)
FN:84,(anonymous_4)
FN:100,(anonymous_5)
FN:116,(anonymous_6)
FN:117,(anonymous_7)
FN:120,(anonymous_8)
FNF:9
FNH:8
FNDA:24,(anonymous_0)
FNDA:9,(anonymous_1)
FNDA:7,(anonymous_2)
FNDA:3,(anonymous_3)
FNDA:0,(anonymous_4)
FNDA:7,(anonymous_5)
FNDA:15,(anonymous_6)
FNDA:10,(anonymous_7)
FNDA:3,(anonymous_8)
DA:11,1
DA:21,24
DA:22,24
DA:23,24
DA:26,24
DA:27,9
DA:28,1
DA:32,24
DA:33,7
DA:34,1
DA:35,1
DA:38,6
DA:39,6
DA:48,5
DA:50,1
DA:54,24
DA:55,3
DA:56,3
DA:57,3
DA:58,3
DA:60,3
DA:61,3
DA:71,3
DA:72,2
DA:73,2
DA:74,2
DA:75,2
DA:77,1
DA:80,0
DA:84,24
DA:85,0
DA:86,0
DA:87,0
DA:88,0
DA:92,24
DA:101,7
DA:102,7
DA:103,7
DA:116,15
DA:118,10
DA:120,3
LF:41
LH:36
BRDA:15,0,0,23
BRDA:16,1,0,20
BRDA:22,2,0,24
BRDA:22,2,1,23
BRDA:27,3,0,1
BRDA:27,3,1,8
BRDA:33,4,0,1
BRDA:33,4,1,6
BRDA:71,5,0,2
BRDA:71,5,1,1
BRDA:87,6,0,0
BRDA:87,6,1,0
BRDA:99,7,0,24
BRDA:99,7,1,20
BRDA:107,8,0,24
BRDA:107,8,1,1
BRDA:107,9,0,24
BRDA:107,9,1,4
BRDA:113,10,0,24
BRDA:113,10,1,5
BRF:20
BRH:18
end_of_record
TN:
SF:src/components/ShuttleBusTracker.tsx
FN:8,(anonymous_0)
FN:12,(anonymous_1)
FN:44,(anonymous_2)
FN:51,(anonymous_3)
FN:67,(anonymous_4)
FN:71,(anonymous_5)
FNF:6
FNH:6
FNDA:16,(anonymous_0)
FNDA:6,(anonymous_1)
FNDA:6,(anonymous_2)
FNDA:6,(anonymous_3)
FNDA:9,(anonymous_4)
FNDA:6,(anonymous_5)
DA:8,1
DA:9,16
DA:10,15
DA:12,15
DA:13,6
DA:15,6
DA:22,5
DA:34,5
DA:36,5
DA:39,1
DA:40,1
DA:44,15
DA:45,6
DA:48,6
DA:51,6
DA:54,15
DA:55,10
DA:62,5
DA:63,2
DA:67,9
DA:69,3
DA:72,6
LF:22
LH:22
BRDA:54,0,0,10
BRDA:54,0,1,5
BRDA:62,1,0,2
BRDA:62,1,1,3
BRF:4
BRH:4
end_of_record
TN:
SF:src/components/ToggleButton.tsx
FN:14,(anonymous_0)
FN:31,(anonymous_1)
FNF:2
FNH:2
FNDA:9,(anonymous_0)
FNDA:4,(anonymous_1)
DA:14,1
DA:22,9
DA:24,9
DA:25,9
DA:26,9
DA:28,9
DA:29,9
DA:31,9
DA:32,4
DA:33,4
DA:35,4
DA:41,4
DA:44,9
LF:13
LH:13
BRDA:19,0,0,4
BRDA:29,1,0,8
BRDA:29,1,1,1
BRDA:36,2,0,1
BRDA:36,2,1,3
BRDA:74,3,0,4
BRDA:74,3,1,5
BRDA:84,4,0,5
BRDA:84,4,1,4
BRF:9
BRH:9
end_of_record
TN:
SF:src/data/CoordsContext.tsx
FN:6,(anonymous_0)
FN:8,(anonymous_1)
FN:10,(anonymous_2)
FN:12,(anonymous_3)
FN:14,(anonymous_4)
FN:16,(anonymous_5)
FN:19,(anonymous_6)
FN:27,(anonymous_7)
FN:49,(anonymous_8)
FNF:9
FNH:0
FNDA:0,(anonymous_0)
FNDA:0,(anonymous_1)
FNDA:0,(anonymous_2)
FNDA:0,(anonymous_3)
FNDA:0,(anonymous_4)
FNDA:0,(anonymous_5)
FNDA:0,(anonymous_6)
FNDA:0,(anonymous_7)
FNDA:0,(anonymous_8)
DA:4,1
DA:19,1
DA:20,0
DA:21,0
DA:22,0
DA:23,0
DA:24,0
DA:25,0
DA:27,0
DA:42,0
DA:49,1
LF:11
LH:3
BRF:0
BRH:0
end_of_record
TN:
SF:src/data/IndoorContext.tsx
FN:8,(anonymous_0)
FN:10,(anonymous_1)
FN:12,(anonymous_2)
FN:14,(anonymous_3)
FN:16,(anonymous_4)
FN:18,(anonymous_5)
FN:21,(anonymous_6)
FN:29,(anonymous_7)
FN:51,(anonymous_8)
FNF:9
FNH:0
FNDA:0,(anonymous_0)
FNDA:0,(anonymous_1)
FNDA:0,(anonymous_2)
FNDA:0,(anonymous_3)
FNDA:0,(anonymous_4)
FNDA:0,(anonymous_5)
FNDA:0,(anonymous_6)
FNDA:0,(anonymous_7)
FNDA:0,(anonymous_8)
DA:6,1
DA:21,1
DA:22,0
DA:23,0
DA:24,0
DA:25,0
DA:26,0
DA:27,0
DA:29,0
DA:44,0
DA:51,1
LF:11
LH:3
BRF:0
BRH:0
end_of_record
TN:
SF:src/data/buildingLocation.ts
FNF:0
FNH:0
DA:3,1
LF:1
LH:1
BRF:0
BRH:0
end_of_record
TN:
SF:src/resources/images/currentLocation-Icon.png
FNF:0
FNH:0
DA:1,1
LF:1
LH:1
BRF:0
BRH:0
end_of_record
TN:
SF:src/resources/images/currentLocation-button.png
FNF:0
FNH:0
DA:1,1
LF:1
LH:1
BRF:0
BRH:0
end_of_record
TN:
SF:src/styles/BottomDrawerStyle.tsx
FNF:0
FNH:0
DA:3,1
DA:5,1
LF:2
LH:2
BRF:0
BRH:0
end_of_record
TN:
SF:src/styles/BuildingInfoStyle.tsx
FNF:0
FNH:0
DA:3,1
LF:1
LH:1
BRF:0
BRH:0
end_of_record
TN:
SF:src/styles/DirectionsStepsStyle.tsx
FNF:0
FNH:0
DA:3,1
LF:1
LH:1
BRF:0
BRH:0
end_of_record
TN:
SF:src/styles/MapComponentStyles.tsx
FNF:0
FNH:0
DA:3,1
LF:1
LH:1
BRF:0
BRH:0
end_of_record
TN:
SF:src/styles/SearchBarStyle.tsx
FNF:0
FNH:0
DA:3,1
LF:1
LH:1
BRF:0
BRH:0
end_of_record
TN:
SF:src/styles/ToggleButtonStyle.tsx
FNF:0
FNH:0
DA:3,1
LF:1
LH:1
BRF:0
BRH:0
end_of_record
TN:
SF:tests/SimpleComponent.tsx
FN:4,(anonymous_0)
FNF:1
FNH:1
FNDA:1,(anonymous_0)
DA:4,1
DA:5,1
LF:2
LH:2
BRF:0
BRH:0
end_of_record
